<?xml version="1.0" encoding="UTF-8" ?>
<testsuites name="vitest tests" tests="725" failures="0" errors="0" time="28.9504983">
    <testsuite name="tests/unit/auditoria.spec.ts" timestamp="2026-09-20T01:10:52.925Z" tests="3" failures="0" errors="0" skipped="0" time="0.0114548">
        <testcase classname="tests/unit/auditoria.spec.ts" name="paraJsonSeguro &gt; remove campos sensíveis em qualquer nível" time="0.0059843">
        </testcase>
        <testcase classname="tests/unit/auditoria.spec.ts" name="paraJsonSeguro &gt; converte datas em texto ISO" time="0.0017328">
        </testcase>
        <testcase classname="tests/unit/auditoria.spec.ts" name="paraJsonSeguro &gt; ignora valores ausentes" time="0.0003998">
        </testcase>
    </testsuite>
    <testsuite name="tests/unit/cnpj.spec.ts" timestamp="2026-09-20T01:10:52.928Z" tests="28" failures="0" errors="0" skipped="0" time="0.0177282">
        <testcase classname="tests/unit/cnpj.spec.ts" name="validarCnpj &gt; aceita CNPJ sem máscara" time="0.0047384">
        </testcase>
        <testcase classname="tests/unit/cnpj.spec.ts" name="validarCnpj &gt; aceita CNPJ com máscara" time="0.0008213">
        </testcase>
        <testcase classname="tests/unit/cnpj.spec.ts" name="validarCnpj &gt; aceita CNPJ com outros dígitos" time="0.0003394">
        </testcase>
        <testcase classname="tests/unit/cnpj.spec.ts" name="validarCnpj &gt; aceita CNPJ que começa com zeros" time="0.000214">
        </testcase>
        <testcase classname="tests/unit/cnpj.spec.ts" name="validarCnpj &gt; aceita CNPJ com resto zero no primeiro dígito" time="0.0001765">
        </testcase>
        <testcase classname="tests/unit/cnpj.spec.ts" name="validarCnpj &gt; aceita CNPJ com resto um no primeiro dígito" time="0.0003379">
        </testcase>
        <testcase classname="tests/unit/cnpj.spec.ts" name="validarCnpj &gt; aceita CNPJ alfanumérico com máscara" time="0.0003014">
        </testcase>
        <testcase classname="tests/unit/cnpj.spec.ts" name="validarCnpj &gt; aceita CNPJ alfanumérico sem máscara" time="0.000303">
        </testcase>
        <testcase classname="tests/unit/cnpj.spec.ts" name="validarCnpj &gt; aceita CNPJ alfanumérico em minúsculas" time="0.0002168">
        </testcase>
        <testcase classname="tests/unit/cnpj.spec.ts" name="validarCnpj &gt; recusa CNPJ com o segundo dígito verificador errado" time="0.0003305">
        </testcase>
        <testcase classname="tests/unit/cnpj.spec.ts" name="validarCnpj &gt; recusa CNPJ com o primeiro dígito verificador errado" time="0.0002189">
        </testcase>
        <testcase classname="tests/unit/cnpj.spec.ts" name="validarCnpj &gt; recusa CNPJ com todos os dígitos iguais" time="0.000183">
        </testcase>
        <testcase classname="tests/unit/cnpj.spec.ts" name="validarCnpj &gt; recusa CNPJ só com zeros, que passaria na conta dos dígitos" time="0.0001635">
        </testcase>
        <testcase classname="tests/unit/cnpj.spec.ts" name="validarCnpj &gt; recusa CNPJ com todos os dígitos iguais e máscara" time="0.0002988">
        </testcase>
        <testcase classname="tests/unit/cnpj.spec.ts" name="validarCnpj &gt; recusa CNPJ com 13 posições" time="0.000226">
        </testcase>
        <testcase classname="tests/unit/cnpj.spec.ts" name="validarCnpj &gt; recusa CNPJ com 15 posições" time="0.0003224">
        </testcase>
        <testcase classname="tests/unit/cnpj.spec.ts" name="validarCnpj &gt; recusa CNPJ com máscara incompleta" time="0.0003413">
        </testcase>
        <testcase classname="tests/unit/cnpj.spec.ts" name="validarCnpj &gt; recusa CNPJ com separadores fora do lugar" time="0.0002038">
        </testcase>
        <testcase classname="tests/unit/cnpj.spec.ts" name="validarCnpj &gt; recusa CNPJ com letra no dígito verificador" time="0.0001807">
        </testcase>
        <testcase classname="tests/unit/cnpj.spec.ts" name="validarCnpj &gt; recusa CNPJ alfanumérico com dígito verificador errado" time="0.0001846">
        </testcase>
        <testcase classname="tests/unit/cnpj.spec.ts" name="validarCnpj &gt; recusa CNPJ alfanumérico com letra no dígito verificador" time="0.0001595">
        </testcase>
        <testcase classname="tests/unit/cnpj.spec.ts" name="validarCnpj &gt; recusa CNPJ com letra acentuada" time="0.0001705">
        </testcase>
        <testcase classname="tests/unit/cnpj.spec.ts" name="validarCnpj &gt; recusa CNPJ com espaços nas pontas" time="0.0001821">
        </testcase>
        <testcase classname="tests/unit/cnpj.spec.ts" name="validarCnpj &gt; recusa CNPJ vazio" time="0.0001712">
        </testcase>
        <testcase classname="tests/unit/cnpj.spec.ts" name="formatarCnpj &gt; aplica a máscara ao CNPJ sem máscara" time="0.0004301">
        </testcase>
        <testcase classname="tests/unit/cnpj.spec.ts" name="formatarCnpj &gt; mantém o CNPJ que já vem com máscara" time="0.0002673">
        </testcase>
        <testcase classname="tests/unit/cnpj.spec.ts" name="formatarCnpj &gt; passa o CNPJ alfanumérico para maiúsculas e aplica a máscara" time="0.0003555">
        </testcase>
        <testcase classname="tests/unit/cnpj.spec.ts" name="formatarCnpj &gt; lança erro para CNPJ inválido" time="0.0018799">
        </testcase>
    </testsuite>
    <testsuite name="tests/unit/env-inicio.spec.ts" timestamp="2026-09-20T01:10:52.939Z" tests="1" failures="0" errors="0" skipped="0" time="0.2048149">
        <testcase classname="tests/unit/env-inicio.spec.ts" name="configuração lida na inicialização &gt; com variável inválida, lista o que corrigir e encerra o processo com código 1" time="0.2018574">
        </testcase>
    </testsuite>
    <testsuite name="tests/unit/env-limites.spec.ts" timestamp="2026-09-20T01:10:52.940Z" tests="9" failures="0" errors="0" skipped="0" time="0.0109874">
        <testcase classname="tests/unit/env-limites.spec.ts" name="limites de requisições no ambiente &gt; aplica os padrões: 5 falhas em 15 minutos, 1000 por IP e 300 por usuário a cada minuto" time="0.0034505">
        </testcase>
        <testcase classname="tests/unit/env-limites.spec.ts" name="limites de requisições no ambiente &gt; aceita valores informados" time="0.0005244">
        </testcase>
        <testcase classname="tests/unit/env-limites.spec.ts" name="limites de requisições no ambiente &gt; recusa RATE_LIMIT_LOGIN_MAX=0 e cita a variável" time="0.0030752">
        </testcase>
        <testcase classname="tests/unit/env-limites.spec.ts" name="limites de requisições no ambiente &gt; recusa RATE_LIMIT_LOGIN_MAX=abc e cita a variável" time="0.0005228">
        </testcase>
        <testcase classname="tests/unit/env-limites.spec.ts" name="limites de requisições no ambiente &gt; recusa RATE_LIMIT_LOGIN_JANELA_MIN=0 e cita a variável" time="0.0002893">
        </testcase>
        <testcase classname="tests/unit/env-limites.spec.ts" name="limites de requisições no ambiente &gt; recusa RATE_LIMIT_LOGIN_JANELA_MIN=2.5 e cita a variável" time="0.0003121">
        </testcase>
        <testcase classname="tests/unit/env-limites.spec.ts" name="limites de requisições no ambiente &gt; recusa RATE_LIMIT_GLOBAL_MAX=-1 e cita a variável" time="0.0002564">
        </testcase>
        <testcase classname="tests/unit/env-limites.spec.ts" name="limites de requisições no ambiente &gt; recusa RATE_LIMIT_USUARIO_MAX=0 e cita a variável" time="0.0002268">
        </testcase>
        <testcase classname="tests/unit/env-limites.spec.ts" name="limites de requisições no ambiente &gt; recusa RATE_LIMIT_USUARIO_MAX=muitas e cita a variável" time="0.0002265">
        </testcase>
    </testsuite>
    <testsuite name="tests/unit/env.spec.ts" timestamp="2026-09-20T01:10:52.943Z" tests="13" failures="0" errors="0" skipped="0" time="0.0205305">
        <testcase classname="tests/unit/env.spec.ts" name="carregarEnv &gt; aceita a configuração mínima e aplica os padrões" time="0.0045192">
        </testcase>
        <testcase classname="tests/unit/env.spec.ts" name="carregarEnv &gt; separa a lista de origens do CORS e ignora espaços" time="0.0005418">
        </testcase>
        <testcase classname="tests/unit/env.spec.ts" name="carregarEnv &gt; recusa JWT_SECRET ausente e cita a variável" time="0.002709">
        </testcase>
        <testcase classname="tests/unit/env.spec.ts" name="carregarEnv &gt; recusa JWT_SECRET curto e cita a variável" time="0.0022738">
        </testcase>
        <testcase classname="tests/unit/env.spec.ts" name="carregarEnv &gt; recusa JWT_SECRET do exemplo e cita a variável" time="0.0011565">
        </testcase>
        <testcase classname="tests/unit/env.spec.ts" name="carregarEnv &gt; recusa DATABASE_URL ausente e cita a variável" time="0.0005725">
        </testcase>
        <testcase classname="tests/unit/env.spec.ts" name="carregarEnv &gt; recusa DATABASE_URL de outro banco e cita a variável" time="0.0005469">
        </testcase>
        <testcase classname="tests/unit/env.spec.ts" name="carregarEnv &gt; recusa PORT não numérica e cita a variável" time="0.001637">
        </testcase>
        <testcase classname="tests/unit/env.spec.ts" name="carregarEnv &gt; recusa PORT fora da faixa e cita a variável" time="0.001099">
        </testcase>
        <testcase classname="tests/unit/env.spec.ts" name="carregarEnv &gt; recusa JWT_EXPIRES_IN sem unidade e cita a variável" time="0.000733">
        </testcase>
        <testcase classname="tests/unit/env.spec.ts" name="carregarEnv &gt; recusa NODE_ENV desconhecido e cita a variável" time="0.0008009">
        </testcase>
        <testcase classname="tests/unit/env.spec.ts" name="carregarEnv &gt; recusa custo do bcrypt baixo em produção e cita a variável" time="0.0006021">
        </testcase>
        <testcase classname="tests/unit/env.spec.ts" name="carregarEnv &gt; aceita custo 12 em produção" time="0.0002372">
        </testcase>
    </testsuite>
    <testsuite name="tests/unit/erros-banco.spec.ts" timestamp="2026-09-20T01:10:52.948Z" tests="10" failures="0" errors="0" skipped="0" time="0.1561599">
        <testcase classname="tests/unit/erros-banco.spec.ts" name="tratarErros() com erros do banco &gt; duplicidade em Fabricante vira 409 com mensagem clara" time="0.0612541">
        </testcase>
        <testcase classname="tests/unit/erros-banco.spec.ts" name="tratarErros() com erros do banco &gt; duplicidade em Pastilha vira 409 com mensagem clara" time="0.0115842">
        </testcase>
        <testcase classname="tests/unit/erros-banco.spec.ts" name="tratarErros() com erros do banco &gt; duplicidade em Fornecedor vira 409 com mensagem clara" time="0.0095916">
        </testcase>
        <testcase classname="tests/unit/erros-banco.spec.ts" name="tratarErros() com erros do banco &gt; duplicidade em Usuario vira 409 com mensagem clara" time="0.0067323">
        </testcase>
        <testcase classname="tests/unit/erros-banco.spec.ts" name="tratarErros() com erros do banco &gt; duplicidade sem modelo conhecido usa mensagem genérica" time="0.0204552">
        </testcase>
        <testcase classname="tests/unit/erros-banco.spec.ts" name="tratarErros() com erros do banco &gt; registro inexistente vira 404" time="0.0074135">
        </testcase>
        <testcase classname="tests/unit/erros-banco.spec.ts" name="tratarErros() com erros do banco &gt; referência inválida vira 400" time="0.0057178">
        </testcase>
        <testcase classname="tests/unit/erros-banco.spec.ts" name="tratarErros() com erros do banco &gt; outros códigos do banco viram 500 sem detalhes" time="0.0098184">
        </testcase>
        <testcase classname="tests/unit/erros-banco.spec.ts" name="tratarErros() com códigos estáveis &gt; AppError com código devolve o código" time="0.0066088">
        </testcase>
        <testcase classname="tests/unit/erros-banco.spec.ts" name="tratarErros() com códigos estáveis &gt; dados inválidos trazem o código DADOS_INVALIDOS" time="0.0119687">
        </testcase>
    </testsuite>
    <testsuite name="tests/unit/exigir-senha-atualizada.spec.ts" timestamp="2026-09-20T01:10:52.952Z" tests="3" failures="0" errors="0" skipped="0" time="0.0544765">
        <testcase classname="tests/unit/exigir-senha-atualizada.spec.ts" name="exigirSenhaAtualizada &gt; libera quem já trocou a senha" time="0.0337777">
        </testcase>
        <testcase classname="tests/unit/exigir-senha-atualizada.spec.ts" name="exigirSenhaAtualizada &gt; bloqueia com 403 TROCA_SENHA_OBRIGATORIA quem ainda precisa trocar" time="0.010895">
        </testcase>
        <testcase classname="tests/unit/exigir-senha-atualizada.spec.ts" name="exigirSenhaAtualizada &gt; recusa com 401 se usada sem autenticar antes" time="0.0057851">
        </testcase>
    </testsuite>
    <testsuite name="tests/unit/logger.spec.ts" timestamp="2026-09-20T01:10:52.953Z" tests="5" failures="0" errors="0" skipped="0" time="0.0913736">
        <testcase classname="tests/unit/logger.spec.ts" name="criarLogger &gt; redige credenciais dos cabeçalhos e todos os campos de senha" time="0.0088768">
        </testcase>
        <testcase classname="tests/unit/logger.spec.ts" name="criarLogger &gt; respeita o nível configurado" time="0.0018883">
        </testcase>
        <testcase classname="tests/unit/logger.spec.ts" name="criarLogDeAcesso &gt; registra o request id e esconde Authorization e Cookie" time="0.0454663">
        </testcase>
        <testcase classname="tests/unit/logger.spec.ts" name="criarLogDeAcesso &gt; usa warn para 4xx, error para 5xx e ignora a verificação de saúde que deu certo" time="0.0227001">
        </testcase>
        <testcase classname="tests/unit/logger.spec.ts" name="criarLogDeAcesso &gt; registra a verificação de saúde quando ela falha" time="0.0095353">
        </testcase>
    </testsuite>
    <testsuite name="tests/unit/permissoes.spec.ts" timestamp="2026-09-20T01:10:52.955Z" tests="33" failures="0" errors="0" skipped="0" time="0.0127571">
        <testcase classname="tests/unit/permissoes.spec.ts" name="matriz de permissões &gt; tem exatamente as ações previstas" time="0.004179">
        </testcase>
        <testcase classname="tests/unit/permissoes.spec.ts" name="matriz de permissões &gt; ADMINISTRADOR pode consultar" time="0.0006128">
        </testcase>
        <testcase classname="tests/unit/permissoes.spec.ts" name="matriz de permissões &gt; GESTOR pode consultar" time="0.0002023">
        </testcase>
        <testcase classname="tests/unit/permissoes.spec.ts" name="matriz de permissões &gt; OPERADOR pode consultar" time="0.0001695">
        </testcase>
        <testcase classname="tests/unit/permissoes.spec.ts" name="matriz de permissões &gt; COMPRADOR pode consultar" time="0.0001686">
        </testcase>
        <testcase classname="tests/unit/permissoes.spec.ts" name="matriz de permissões &gt; ADMINISTRADOR pode gerenciarPastilhas" time="0.0001452">
        </testcase>
        <testcase classname="tests/unit/permissoes.spec.ts" name="matriz de permissões &gt; GESTOR pode gerenciarPastilhas" time="0.0001318">
        </testcase>
        <testcase classname="tests/unit/permissoes.spec.ts" name="matriz de permissões &gt; OPERADOR não pode gerenciarPastilhas" time="0.0001457">
        </testcase>
        <testcase classname="tests/unit/permissoes.spec.ts" name="matriz de permissões &gt; COMPRADOR não pode gerenciarPastilhas" time="0.0001281">
        </testcase>
        <testcase classname="tests/unit/permissoes.spec.ts" name="matriz de permissões &gt; ADMINISTRADOR pode gerenciarFabricantes" time="0.0001136">
        </testcase>
        <testcase classname="tests/unit/permissoes.spec.ts" name="matriz de permissões &gt; GESTOR pode gerenciarFabricantes" time="0.0001305">
        </testcase>
        <testcase classname="tests/unit/permissoes.spec.ts" name="matriz de permissões &gt; OPERADOR não pode gerenciarFabricantes" time="0.0001326">
        </testcase>
        <testcase classname="tests/unit/permissoes.spec.ts" name="matriz de permissões &gt; COMPRADOR não pode gerenciarFabricantes" time="0.0001194">
        </testcase>
        <testcase classname="tests/unit/permissoes.spec.ts" name="matriz de permissões &gt; ADMINISTRADOR pode gerenciarFornecedores" time="0.0001206">
        </testcase>
        <testcase classname="tests/unit/permissoes.spec.ts" name="matriz de permissões &gt; GESTOR pode gerenciarFornecedores" time="0.000127">
        </testcase>
        <testcase classname="tests/unit/permissoes.spec.ts" name="matriz de permissões &gt; OPERADOR não pode gerenciarFornecedores" time="0.0001285">
        </testcase>
        <testcase classname="tests/unit/permissoes.spec.ts" name="matriz de permissões &gt; COMPRADOR pode gerenciarFornecedores" time="0.0001246">
        </testcase>
        <testcase classname="tests/unit/permissoes.spec.ts" name="matriz de permissões &gt; ADMINISTRADOR pode registrarEntrada" time="0.0001261">
        </testcase>
        <testcase classname="tests/unit/permissoes.spec.ts" name="matriz de permissões &gt; GESTOR pode registrarEntrada" time="0.000184">
        </testcase>
        <testcase classname="tests/unit/permissoes.spec.ts" name="matriz de permissões &gt; OPERADOR pode registrarEntrada" time="0.000137">
        </testcase>
        <testcase classname="tests/unit/permissoes.spec.ts" name="matriz de permissões &gt; COMPRADOR pode registrarEntrada" time="0.000131">
        </testcase>
        <testcase classname="tests/unit/permissoes.spec.ts" name="matriz de permissões &gt; ADMINISTRADOR pode registrarSaida" time="0.0001692">
        </testcase>
        <testcase classname="tests/unit/permissoes.spec.ts" name="matriz de permissões &gt; GESTOR pode registrarSaida" time="0.0001677">
        </testcase>
        <testcase classname="tests/unit/permissoes.spec.ts" name="matriz de permissões &gt; OPERADOR pode registrarSaida" time="0.0001299">
        </testcase>
        <testcase classname="tests/unit/permissoes.spec.ts" name="matriz de permissões &gt; COMPRADOR não pode registrarSaida" time="0.0001269">
        </testcase>
        <testcase classname="tests/unit/permissoes.spec.ts" name="matriz de permissões &gt; ADMINISTRADOR pode resolverAlerta" time="0.0001275">
        </testcase>
        <testcase classname="tests/unit/permissoes.spec.ts" name="matriz de permissões &gt; GESTOR pode resolverAlerta" time="0.000136">
        </testcase>
        <testcase classname="tests/unit/permissoes.spec.ts" name="matriz de permissões &gt; OPERADOR não pode resolverAlerta" time="0.0001287">
        </testcase>
        <testcase classname="tests/unit/permissoes.spec.ts" name="matriz de permissões &gt; COMPRADOR não pode resolverAlerta" time="0.0001267">
        </testcase>
        <testcase classname="tests/unit/permissoes.spec.ts" name="matriz de permissões &gt; ADMINISTRADOR pode gerenciarUsuarios" time="0.0001262">
        </testcase>
        <testcase classname="tests/unit/permissoes.spec.ts" name="matriz de permissões &gt; GESTOR não pode gerenciarUsuarios" time="0.0001269">
        </testcase>
        <testcase classname="tests/unit/permissoes.spec.ts" name="matriz de permissões &gt; OPERADOR não pode gerenciarUsuarios" time="0.0001354">
        </testcase>
        <testcase classname="tests/unit/permissoes.spec.ts" name="matriz de permissões &gt; COMPRADOR não pode gerenciarUsuarios" time="0.0001256">
        </testcase>
    </testsuite>
    <testsuite name="tests/unit/politica-senha.spec.ts" timestamp="2026-09-20T01:10:52.967Z" tests="8" failures="0" errors="0" skipped="0" time="0.01509">
        <testcase classname="tests/unit/politica-senha.spec.ts" name="validarPoliticaDeSenha &gt; aceita uma senha forte" time="0.0065195">
        </testcase>
        <testcase classname="tests/unit/politica-senha.spec.ts" name="validarPoliticaDeSenha &gt; recusa senha curta" time="0.0021687">
        </testcase>
        <testcase classname="tests/unit/politica-senha.spec.ts" name="validarPoliticaDeSenha &gt; recusa senha sem número" time="0.0003675">
        </testcase>
        <testcase classname="tests/unit/politica-senha.spec.ts" name="validarPoliticaDeSenha &gt; recusa senha sem letra" time="0.0003118">
        </testcase>
        <testcase classname="tests/unit/politica-senha.spec.ts" name="validarPoliticaDeSenha &gt; recusa senha comum" time="0.000275">
        </testcase>
        <testcase classname="tests/unit/politica-senha.spec.ts" name="validarPoliticaDeSenha &gt; recusa senha acima de 72 bytes por causa de acentos" time="0.0002692">
        </testcase>
        <testcase classname="tests/unit/politica-senha.spec.ts" name="validarPoliticaDeSenha &gt; aceita exatamente 72 bytes" time="0.0003755">
        </testcase>
        <testcase classname="tests/unit/politica-senha.spec.ts" name="validarPoliticaDeSenha &gt; recusa senha que contém o e-mail" time="0.0003315">
        </testcase>
    </testsuite>
    <testsuite name="tests/unit/request-id.spec.ts" timestamp="2026-09-20T01:10:52.969Z" tests="13" failures="0" errors="0" skipped="0" time="0.0828071">
        <testcase classname="tests/unit/request-id.spec.ts" name="escolherRequestId &gt; aproveita o id seguro abc-123" time="0.0052236">
        </testcase>
        <testcase classname="tests/unit/request-id.spec.ts" name="escolherRequestId &gt; aproveita o id seguro A_b-9" time="0.0004387">
        </testcase>
        <testcase classname="tests/unit/request-id.spec.ts" name="escolherRequestId &gt; aproveita o id seguro xxxxxxxxxxxxxxxxxxxxxxxxxxxxxxxxxxxxxxxxxxxxxxxxxxxxxxxxxxxxxxxx" time="0.0002373">
        </testcase>
        <testcase classname="tests/unit/request-id.spec.ts" name="escolherRequestId &gt; gera um UUID quando o recebido está longo demais" time="0.001107">
        </testcase>
        <testcase classname="tests/unit/request-id.spec.ts" name="escolherRequestId &gt; gera um UUID quando o recebido está com espaço" time="0.0003551">
        </testcase>
        <testcase classname="tests/unit/request-id.spec.ts" name="escolherRequestId &gt; gera um UUID quando o recebido está com quebra de linha" time="0.0001926">
        </testcase>
        <testcase classname="tests/unit/request-id.spec.ts" name="escolherRequestId &gt; gera um UUID quando o recebido está com caracteres de controle de log" time="0.0001604">
        </testcase>
        <testcase classname="tests/unit/request-id.spec.ts" name="escolherRequestId &gt; gera um UUID quando o recebido está vazio" time="0.0001973">
        </testcase>
        <testcase classname="tests/unit/request-id.spec.ts" name="escolherRequestId &gt; gera um UUID quando o recebido está repetido" time="0.0001611">
        </testcase>
        <testcase classname="tests/unit/request-id.spec.ts" name="escolherRequestId &gt; gera um UUID quando o recebido está ausente" time="0.0001495">
        </testcase>
        <testcase classname="tests/unit/request-id.spec.ts" name="atribuirRequestId &gt; devolve o id recebido quando é seguro" time="0.0465397">
        </testcase>
        <testcase classname="tests/unit/request-id.spec.ts" name="atribuirRequestId &gt; troca o id recebido quando não é seguro" time="0.0086532">
        </testcase>
        <testcase classname="tests/unit/request-id.spec.ts" name="atribuirRequestId &gt; inclui o requestId no 500 e registra o erro no logger" time="0.0152033">
        </testcase>
    </testsuite>
    <testsuite name="tests/unit/saude.spec.ts" timestamp="2026-09-20T01:10:52.971Z" tests="1" failures="0" errors="0" skipped="0" time="0.0572282">
        <testcase classname="tests/unit/saude.spec.ts" name="GET /health sem banco &gt; responde 503 com a chave erro e mantém os campos de diagnóstico" time="0.0523441">
        </testcase>
    </testsuite>
    <testsuite name="tests/unit/senha-aleatoria.spec.ts" timestamp="2026-09-20T01:10:52.971Z" tests="3" failures="0" errors="0" skipped="0" time="0.0362053">
        <testcase classname="tests/unit/senha-aleatoria.spec.ts" name="gerarSenhaAleatoria &gt; gera 22 caracteres base64url que sempre atendem à política" time="0.027093">
        </testcase>
        <testcase classname="tests/unit/senha-aleatoria.spec.ts" name="gerarSenhaAleatoria &gt; não repete senhas" time="0.0049499">
        </testcase>
        <testcase classname="tests/unit/senha-aleatoria.spec.ts" name="gerarSenhaAleatoria &gt; tenta de novo quando a senha sorteada contém o nome do e-mail" time="0.00071">
        </testcase>
    </testsuite>
    <testsuite name="tests/unit/validar-e-erros.spec.ts" timestamp="2026-09-20T01:10:52.972Z" tests="9" failures="0" errors="0" skipped="0" time="0.4728691">
        <testcase classname="tests/unit/validar-e-erros.spec.ts" name="validar() &gt; converte e repassa os dados válidos" time="0.4060478">
        </testcase>
        <testcase classname="tests/unit/validar-e-erros.spec.ts" name="validar() &gt; recusa id não numérico com 400 e aponta o campo" time="0.0111263">
        </testcase>
        <testcase classname="tests/unit/validar-e-erros.spec.ts" name="validar() &gt; recusa campos fora do esquema" time="0.0060422">
        </testcase>
        <testcase classname="tests/unit/validar-e-erros.spec.ts" name="validar() &gt; recusa valores inválidos e aponta o campo" time="0.005842">
        </testcase>
        <testcase classname="tests/unit/validar-e-erros.spec.ts" name="tratarErros() &gt; usa o status do AppError" time="0.0073927">
        </testcase>
        <testcase classname="tests/unit/validar-e-erros.spec.ts" name="tratarErros() &gt; captura erros de handlers assíncronos" time="0.0060203">
        </testcase>
        <testcase classname="tests/unit/validar-e-erros.spec.ts" name="tratarErros() &gt; devolve 500 sem vazar detalhes internos" time="0.0070887">
        </testcase>
        <testcase classname="tests/unit/validar-e-erros.spec.ts" name="tratarErros() &gt; devolve 400 para JSON malformado" time="0.0099704">
        </testcase>
        <testcase classname="tests/unit/validar-e-erros.spec.ts" name="tratarErros() &gt; devolve 413 para corpo grande demais" time="0.0089727">
        </testcase>
    </testsuite>
    <testsuite name="tests/integration/alertas.spec.ts" timestamp="2026-09-20T01:10:52.973Z" tests="33" failures="0" errors="0" skipped="0" time="2.4310583">
        <testcase classname="tests/integration/alertas.spec.ts" name="GET /api/alertas &gt; sem situação lista só os abertos, com a pastilha e sem responsável" time="0.2363456">
        </testcase>
        <testcase classname="tests/integration/alertas.spec.ts" name="GET /api/alertas &gt; situacao=RESOLVIDO traz quem resolveu, ou null quando a reposição fechou o alerta" time="0.0810667">
        </testcase>
        <testcase classname="tests/integration/alertas.spec.ts" name="GET /api/alertas &gt; situacao=TODAS traz abertos e resolvidos, dos mais recentes para os mais antigos" time="0.0954574">
        </testcase>
        <testcase classname="tests/integration/alertas.spec.ts" name="GET /api/alertas &gt; recusa situacao=aberto com 400" time="0.0360255">
        </testcase>
        <testcase classname="tests/integration/alertas.spec.ts" name="GET /api/alertas &gt; recusa situacao=FECHADO com 400" time="0.035331">
        </testcase>
        <testcase classname="tests/integration/alertas.spec.ts" name="GET /api/alertas &gt; recusa situacao= com 400" time="0.069235">
        </testcase>
        <testcase classname="tests/integration/alertas.spec.ts" name="GET /api/alertas &gt; recusa parâmetro desconhecido" time="0.0463608">
        </testcase>
        <testcase classname="tests/integration/alertas.spec.ts" name="GET /api/alertas &gt; qualquer perfil autenticado consulta; sem token é 401" time="0.0427321">
        </testcase>
        <testcase classname="tests/integration/alertas.spec.ts" name="PATCH /api/alertas/:id/resolver &gt; resolve o alerta aberto, grava o responsável e registra na auditoria" time="0.0983734">
        </testcase>
        <testcase classname="tests/integration/alertas.spec.ts" name="PATCH /api/alertas/:id/resolver &gt; alerta já resolvido responde 409 ALERTA_JA_RESOLVIDO e nada muda" time="0.0670098">
        </testcase>
        <testcase classname="tests/integration/alertas.spec.ts" name="PATCH /api/alertas/:id/resolver &gt; alerta fechado pela reposição do estoque também responde 409" time="0.1600134">
        </testcase>
        <testcase classname="tests/integration/alertas.spec.ts" name="PATCH /api/alertas/:id/resolver &gt; alerta inexistente responde 404 e id inválido responde 400" time="0.0908891">
        </testcase>
        <testcase classname="tests/integration/alertas.spec.ts" name="PATCH /api/alertas/:id/resolver &gt; OPERADOR e COMPRADOR recebem 403 e o alerta continua aberto" time="0.0521042">
        </testcase>
        <testcase classname="tests/integration/alertas.spec.ts" name="PATCH /api/alertas/:id/resolver &gt; de duas resoluções simultâneas, uma vence e a outra recebe 409" time="0.1476934">
        </testcase>
        <testcase classname="tests/integration/alertas.spec.ts" name="PATCH /api/alertas/:id/resolver &gt; a resolução espera a trava da pastilha e, solta a trava, grava o responsável" time="0.1795138">
        </testcase>
        <testcase classname="tests/integration/alertas.spec.ts" name="ciclo de vida do alerta &gt; SAÍDA que atinge o mínimo abre alerta e registra na auditoria" time="0.0678636">
        </testcase>
        <testcase classname="tests/integration/alertas.spec.ts" name="ciclo de vida do alerta &gt; ENTRADA que repõe o saldo acima do mínimo fecha o alerta automaticamente" time="0.0938584">
        </testcase>
        <testcase classname="tests/integration/alertas.spec.ts" name="ciclo de vida do alerta &gt; ENTRADA que não passa do mínimo mantém o alerta aberto" time="0.0948745">
        </testcase>
        <testcase classname="tests/integration/alertas.spec.ts" name="ciclo de vida do alerta &gt; abre um novo alerta quando o saldo volta a cair depois da reposição" time="0.1240504">
        </testcase>
        <testcase classname="tests/integration/alertas.spec.ts" name="integridade garantida pelo banco &gt; não permite saldo negativo" time="0.0308471">
        </testcase>
        <testcase classname="tests/integration/alertas.spec.ts" name="integridade garantida pelo banco &gt; não permite estoque mínimo negativo" time="0.0249912">
        </testcase>
        <testcase classname="tests/integration/alertas.spec.ts" name="integridade garantida pelo banco &gt; não permite movimentação com quantidade zero" time="0.0362247">
        </testcase>
        <testcase classname="tests/integration/alertas.spec.ts" name="integridade garantida pelo banco &gt; não permite dois alertas abertos para a mesma pastilha" time="0.0353819">
        </testcase>
        <testcase classname="tests/integration/alertas.spec.ts" name="integridade garantida pelo banco &gt; permite vários alertas resolvidos para a mesma pastilha" time="0.0351327">
        </testcase>
        <testcase classname="tests/integration/alertas.spec.ts" name="erros do banco viram respostas claras &gt; fabricante com nome repetido responde 409" time="0.0521828">
        </testcase>
        <testcase classname="tests/integration/alertas.spec.ts" name="id do alerta no limite do INT4 &gt; 2147483647 é aceito: responde 404 sem o alerta e 200 com ele" time="0.0702681">
        </testcase>
        <testcase classname="tests/integration/alertas.spec.ts" name="id do alerta no limite do INT4 &gt; 2147483648 responde 400" time="0.0235919">
        </testcase>
        <testcase classname="tests/integration/alertas.spec.ts" name="limite e paginação de GET /api/alertas &gt; sem página devolve no máximo os 100 mais recentes, em RESOLVIDO e em TODAS" time="0.0601721">
        </testcase>
        <testcase classname="tests/integration/alertas.spec.ts" name="limite e paginação de GET /api/alertas &gt; com página devolve dados, total, página e tamanho" time="0.0885677">
        </testcase>
        <testcase classname="tests/integration/alertas.spec.ts" name="limite e paginação de GET /api/alertas &gt; recusa pagina=0 com 400" time="0.0225018">
        </testcase>
        <testcase classname="tests/integration/alertas.spec.ts" name="limite e paginação de GET /api/alertas &gt; recusa pagina=x com 400" time="0.0207782">
        </testcase>
        <testcase classname="tests/integration/alertas.spec.ts" name="limite e paginação de GET /api/alertas &gt; recusa tamanho=101 com 400" time="0.0246399">
        </testcase>
        <testcase classname="tests/integration/alertas.spec.ts" name="desempate dos alertas pelo id &gt; alertas com a mesma dataGeracao saem do id maior para o menor, com e sem página" time="0.0665375">
        </testcase>
    </testsuite>
    <testsuite name="tests/integration/auth.spec.ts" timestamp="2026-09-20T01:10:52.978Z" tests="15" failures="0" errors="0" skipped="0" time="0.4919097">
        <testcase classname="tests/integration/auth.spec.ts" name="POST /api/auth/login &gt; devolve token e apenas os dados públicos do usuário" time="0.0865618">
        </testcase>
        <testcase classname="tests/integration/auth.spec.ts" name="POST /api/auth/login &gt; avisa quando o usuário ainda precisa trocar a senha" time="0.0427983">
        </testcase>
        <testcase classname="tests/integration/auth.spec.ts" name="POST /api/auth/login &gt; emite o token HS256 com emissor, público, validade e versão" time="0.0432538">
        </testcase>
        <testcase classname="tests/integration/auth.spec.ts" name="POST /api/auth/login &gt; aceita o e-mail com maiúsculas e espaços" time="0.0478552">
        </testcase>
        <testcase classname="tests/integration/auth.spec.ts" name="POST /api/auth/login &gt; recusa senha errada com a mesma mensagem genérica" time="0.0382812">
        </testcase>
        <testcase classname="tests/integration/auth.spec.ts" name="POST /api/auth/login &gt; recusa e-mail inexistente com a mesma mensagem genérica" time="0.0300576">
        </testcase>
        <testcase classname="tests/integration/auth.spec.ts" name="POST /api/auth/login &gt; compara a senha contra um hash falso quando o e-mail não existe" time="0.0207076">
        </testcase>
        <testcase classname="tests/integration/auth.spec.ts" name="POST /api/auth/login &gt; bloqueia usuário inativo mesmo com a senha certa, com a mesma mensagem" time="0.0233581">
        </testcase>
        <testcase classname="tests/integration/auth.spec.ts" name="POST /api/auth/login &gt; exige e-mail e senha" time="0.0155809">
        </testcase>
        <testcase classname="tests/integration/auth.spec.ts" name="POST /api/auth/login &gt; recusa campos fora do esquema" time="0.015056">
        </testcase>
        <testcase classname="tests/integration/auth.spec.ts" name="acesso às rotas protegidas &gt; recusa requisição sem token" time="0.0164203">
        </testcase>
        <testcase classname="tests/integration/auth.spec.ts" name="acesso às rotas protegidas &gt; recusa token malformado" time="0.0159959">
        </testcase>
        <testcase classname="tests/integration/auth.spec.ts" name="acesso às rotas protegidas &gt; recusa token assinado com outra chave" time="0.0177385">
        </testcase>
        <testcase classname="tests/integration/auth.spec.ts" name="acesso às rotas protegidas &gt; aceita token válido" time="0.0297007">
        </testcase>
        <testcase classname="tests/integration/auth.spec.ts" name="acesso às rotas protegidas &gt; aceita o token devolvido pelo login" time="0.0308862">
        </testcase>
    </testsuite>
    <testsuite name="tests/integration/cadastros-atomicidade.spec.ts" timestamp="2026-09-20T01:10:52.982Z" tests="3" failures="0" errors="0" skipped="0" time="0.2855356">
        <testcase classname="tests/integration/cadastros-atomicidade.spec.ts" name="fabricantes e fornecedores em uma única transação &gt; PUT de fabricante com a auditoria falhando responde 500 e não renomeia" time="0.11512">
        </testcase>
        <testcase classname="tests/integration/cadastros-atomicidade.spec.ts" name="fabricantes e fornecedores em uma única transação &gt; PUT de fornecedor com a auditoria falhando responde 500 e não altera nada" time="0.1080837">
        </testcase>
        <testcase classname="tests/integration/cadastros-atomicidade.spec.ts" name="fabricantes e fornecedores em uma única transação &gt; POST de fabricante e de fornecedor com a auditoria falhando não gravam nada" time="0.0462775">
        </testcase>
    </testsuite>
    <testsuite name="tests/integration/cadastros-permissoes.spec.ts" timestamp="2026-09-20T01:10:52.984Z" tests="10" failures="0" errors="0" skipped="0" time="0.5505426">
        <testcase classname="tests/integration/cadastros-permissoes.spec.ts" name="a permissão é conferida antes da validação nas rotas de escrita dos cadastros &gt; POST /api/pastilhas responde 403 para OPERADOR mesmo com corpo inválido" time="0.1015936">
        </testcase>
        <testcase classname="tests/integration/cadastros-permissoes.spec.ts" name="a permissão é conferida antes da validação nas rotas de escrita dos cadastros &gt; POST /api/pastilhas responde 403 para COMPRADOR mesmo com corpo inválido" time="0.0370577">
        </testcase>
        <testcase classname="tests/integration/cadastros-permissoes.spec.ts" name="a permissão é conferida antes da validação nas rotas de escrita dos cadastros &gt; PUT /api/pastilhas/:id responde 403 para OPERADOR mesmo com corpo inválido" time="0.0407121">
        </testcase>
        <testcase classname="tests/integration/cadastros-permissoes.spec.ts" name="a permissão é conferida antes da validação nas rotas de escrita dos cadastros &gt; PUT /api/pastilhas/:id responde 403 para COMPRADOR mesmo com corpo inválido" time="0.0524608">
        </testcase>
        <testcase classname="tests/integration/cadastros-permissoes.spec.ts" name="a permissão é conferida antes da validação nas rotas de escrita dos cadastros &gt; POST /api/fabricantes responde 403 para OPERADOR mesmo com corpo inválido" time="0.0464441">
        </testcase>
        <testcase classname="tests/integration/cadastros-permissoes.spec.ts" name="a permissão é conferida antes da validação nas rotas de escrita dos cadastros &gt; POST /api/fabricantes responde 403 para COMPRADOR mesmo com corpo inválido" time="0.0570637">
        </testcase>
        <testcase classname="tests/integration/cadastros-permissoes.spec.ts" name="a permissão é conferida antes da validação nas rotas de escrita dos cadastros &gt; PUT /api/fabricantes/:id responde 403 para OPERADOR mesmo com corpo inválido" time="0.0407542">
        </testcase>
        <testcase classname="tests/integration/cadastros-permissoes.spec.ts" name="a permissão é conferida antes da validação nas rotas de escrita dos cadastros &gt; PUT /api/fabricantes/:id responde 403 para COMPRADOR mesmo com corpo inválido" time="0.0352808">
        </testcase>
        <testcase classname="tests/integration/cadastros-permissoes.spec.ts" name="a permissão é conferida antes da validação nas rotas de escrita dos cadastros &gt; POST /api/fornecedores responde 403 para OPERADOR mesmo com corpo inválido" time="0.0290974">
        </testcase>
        <testcase classname="tests/integration/cadastros-permissoes.spec.ts" name="a permissão é conferida antes da validação nas rotas de escrita dos cadastros &gt; PUT /api/fornecedores/:id responde 403 para OPERADOR mesmo com corpo inválido" time="0.0928892">
        </testcase>
    </testsuite>
    <testsuite name="tests/integration/campos-nao-permitidos.spec.ts" timestamp="2026-09-20T01:10:52.986Z" tests="16" failures="0" errors="0" skipped="0" time="0.4812815">
        <testcase classname="tests/integration/campos-nao-permitidos.spec.ts" name="campos fora do esquema &gt; GET /api/pastilhas diz qual campo não é permitido" time="0.0747818">
        </testcase>
        <testcase classname="tests/integration/campos-nao-permitidos.spec.ts" name="campos fora do esquema &gt; POST /api/pastilhas diz qual campo não é permitido" time="0.0341901">
        </testcase>
        <testcase classname="tests/integration/campos-nao-permitidos.spec.ts" name="campos fora do esquema &gt; PUT /api/pastilhas/:id diz qual campo não é permitido" time="0.0348385">
        </testcase>
        <testcase classname="tests/integration/campos-nao-permitidos.spec.ts" name="campos fora do esquema &gt; GET /api/fabricantes diz qual campo não é permitido" time="0.0224868">
        </testcase>
        <testcase classname="tests/integration/campos-nao-permitidos.spec.ts" name="campos fora do esquema &gt; POST /api/fabricantes diz qual campo não é permitido" time="0.0241044">
        </testcase>
        <testcase classname="tests/integration/campos-nao-permitidos.spec.ts" name="campos fora do esquema &gt; PUT /api/fabricantes/:id diz qual campo não é permitido" time="0.0271123">
        </testcase>
        <testcase classname="tests/integration/campos-nao-permitidos.spec.ts" name="campos fora do esquema &gt; GET /api/fornecedores diz qual campo não é permitido" time="0.0221629">
        </testcase>
        <testcase classname="tests/integration/campos-nao-permitidos.spec.ts" name="campos fora do esquema &gt; POST /api/fornecedores diz qual campo não é permitido" time="0.0238625">
        </testcase>
        <testcase classname="tests/integration/campos-nao-permitidos.spec.ts" name="campos fora do esquema &gt; PUT /api/fornecedores/:id diz qual campo não é permitido" time="0.0259279">
        </testcase>
        <testcase classname="tests/integration/campos-nao-permitidos.spec.ts" name="campos fora do esquema &gt; POST /api/usuarios diz qual campo não é permitido" time="0.0224401">
        </testcase>
        <testcase classname="tests/integration/campos-nao-permitidos.spec.ts" name="campos fora do esquema &gt; PUT /api/usuarios/:id diz qual campo não é permitido" time="0.0267517">
        </testcase>
        <testcase classname="tests/integration/campos-nao-permitidos.spec.ts" name="campos fora do esquema &gt; PATCH /api/usuarios/:id/ativo diz qual campo não é permitido" time="0.026714">
        </testcase>
        <testcase classname="tests/integration/campos-nao-permitidos.spec.ts" name="campos fora do esquema &gt; PATCH /api/auth/senha diz qual campo não é permitido" time="0.0250739">
        </testcase>
        <testcase classname="tests/integration/campos-nao-permitidos.spec.ts" name="campos fora do esquema &gt; GET /api/alertas diz qual campo não é permitido" time="0.0266771">
        </testcase>
        <testcase classname="tests/integration/campos-nao-permitidos.spec.ts" name="campos fora do esquema &gt; GET /api/movimentacoes diz qual campo não é permitido" time="0.0254539">
        </testcase>
        <testcase classname="tests/integration/campos-nao-permitidos.spec.ts" name="campos fora do esquema &gt; POST /api/auth/login diz qual campo não é permitido" time="0.0221312">
        </testcase>
    </testsuite>
    <testsuite name="tests/integration/fabricantes.spec.ts" timestamp="2026-09-20T01:10:52.991Z" tests="28" failures="0" errors="0" skipped="0" time="1.026741">
        <testcase classname="tests/integration/fabricantes.spec.ts" name="POST /api/fabricantes &gt; cadastra sem os espaços das pontas e registra na auditoria" time="0.1003035">
        </testcase>
        <testcase classname="tests/integration/fabricantes.spec.ts" name="POST /api/fabricantes &gt; recusa sem nome com 400" time="0.027837">
        </testcase>
        <testcase classname="tests/integration/fabricantes.spec.ts" name="POST /api/fabricantes &gt; recusa nome com 1 caractere depois de tirar os espaços com 400" time="0.0260909">
        </testcase>
        <testcase classname="tests/integration/fabricantes.spec.ts" name="POST /api/fabricantes &gt; recusa nome com mais de 100 caracteres com 400" time="0.0246788">
        </testcase>
        <testcase classname="tests/integration/fabricantes.spec.ts" name="POST /api/fabricantes &gt; recusa nome que não é texto com 400" time="0.0262324">
        </testcase>
        <testcase classname="tests/integration/fabricantes.spec.ts" name="POST /api/fabricantes &gt; recusa nome com caractere nulo com 400" time="0.0275191">
        </testcase>
        <testcase classname="tests/integration/fabricantes.spec.ts" name="POST /api/fabricantes &gt; recusa campo extra id com 400" time="0.0274613">
        </testcase>
        <testcase classname="tests/integration/fabricantes.spec.ts" name="POST /api/fabricantes &gt; recusa pastilhas aninhadas com 400" time="0.0233178">
        </testcase>
        <testcase classname="tests/integration/fabricantes.spec.ts" name="POST /api/fabricantes &gt; nome repetido responde 409, mesmo com espaços nas pontas" time="0.0468324">
        </testcase>
        <testcase classname="tests/integration/fabricantes.spec.ts" name="POST /api/fabricantes &gt; OPERADOR não cadastra fabricante" time="0.0318233">
        </testcase>
        <testcase classname="tests/integration/fabricantes.spec.ts" name="POST /api/fabricantes &gt; COMPRADOR não cadastra fabricante" time="0.042383">
        </testcase>
        <testcase classname="tests/integration/fabricantes.spec.ts" name="GET /api/fabricantes &gt; lista em ordem alfabética para qualquer perfil" time="0.0343031">
        </testcase>
        <testcase classname="tests/integration/fabricantes.spec.ts" name="GET /api/fabricantes &gt; recusa parâmetro desconhecido na query com 400" time="0.0286001">
        </testcase>
        <testcase classname="tests/integration/fabricantes.spec.ts" name="GET /api/fabricantes/:id &gt; devolve o fabricante para qualquer perfil" time="0.044973">
        </testcase>
        <testcase classname="tests/integration/fabricantes.spec.ts" name="GET /api/fabricantes/:id &gt; responde 404 para id inexistente e 400 para id inválido" time="0.0707134">
        </testcase>
        <testcase classname="tests/integration/fabricantes.spec.ts" name="PUT /api/fabricantes/:id &gt; renomeia e registra antes e depois na auditoria" time="0.0425965">
        </testcase>
        <testcase classname="tests/integration/fabricantes.spec.ts" name="PUT /api/fabricantes/:id &gt; GESTOR recebe 200 ao editar" time="0.0359152">
        </testcase>
        <testcase classname="tests/integration/fabricantes.spec.ts" name="PUT /api/fabricantes/:id &gt; ADMINISTRADOR recebe 200 ao editar" time="0.033855">
        </testcase>
        <testcase classname="tests/integration/fabricantes.spec.ts" name="PUT /api/fabricantes/:id &gt; OPERADOR recebe 403 ao editar" time="0.0252555">
        </testcase>
        <testcase classname="tests/integration/fabricantes.spec.ts" name="PUT /api/fabricantes/:id &gt; COMPRADOR recebe 403 ao editar" time="0.0261121">
        </testcase>
        <testcase classname="tests/integration/fabricantes.spec.ts" name="PUT /api/fabricantes/:id &gt; nome de outro fabricante responde 409 sem alterar nada" time="0.0390104">
        </testcase>
        <testcase classname="tests/integration/fabricantes.spec.ts" name="PUT /api/fabricantes/:id &gt; id inexistente responde 404" time="0.0265057">
        </testcase>
        <testcase classname="tests/integration/fabricantes.spec.ts" name="PUT /api/fabricantes/:id &gt; recusa corpo vazio com 400 sem alterar nada" time="0.0341687">
        </testcase>
        <testcase classname="tests/integration/fabricantes.spec.ts" name="PUT /api/fabricantes/:id &gt; recusa nome curto com 400 sem alterar nada" time="0.0351931">
        </testcase>
        <testcase classname="tests/integration/fabricantes.spec.ts" name="PUT /api/fabricantes/:id &gt; recusa nome com caractere nulo com 400 sem alterar nada" time="0.0289998">
        </testcase>
        <testcase classname="tests/integration/fabricantes.spec.ts" name="PUT /api/fabricantes/:id &gt; recusa id no corpo com 400 sem alterar nada" time="0.0308012">
        </testcase>
        <testcase classname="tests/integration/fabricantes.spec.ts" name="PUT /api/fabricantes/:id &gt; recusa pastilhas.deleteMany com 400 sem alterar nada" time="0.0335244">
        </testcase>
        <testcase classname="tests/integration/fabricantes.spec.ts" name="PUT /api/fabricantes/:id &gt; recusa pastilhas.updateMany com 400 sem alterar nada" time="0.0314909">
        </testcase>
    </testsuite>
    <testsuite name="tests/integration/fornecedores.spec.ts" timestamp="2026-09-20T01:10:52.997Z" tests="37" failures="0" errors="0" skipped="0" time="1.2531394">
        <testcase classname="tests/integration/fornecedores.spec.ts" name="POST /api/fornecedores &gt; cadastra com o CNPJ sem máscara, grava com máscara e registra na auditoria" time="0.0892975">
        </testcase>
        <testcase classname="tests/integration/fornecedores.spec.ts" name="POST /api/fornecedores &gt; CNPJ e contato são opcionais; vazios gravam null" time="0.0426283">
        </testcase>
        <testcase classname="tests/integration/fornecedores.spec.ts" name="POST /api/fornecedores &gt; recusa sem nome com 400" time="0.0248191">
        </testcase>
        <testcase classname="tests/integration/fornecedores.spec.ts" name="POST /api/fornecedores &gt; recusa nome com 1 caractere com 400" time="0.0219792">
        </testcase>
        <testcase classname="tests/integration/fornecedores.spec.ts" name="POST /api/fornecedores &gt; recusa nome com mais de 150 caracteres com 400" time="0.022833">
        </testcase>
        <testcase classname="tests/integration/fornecedores.spec.ts" name="POST /api/fornecedores &gt; recusa nome com caractere nulo com 400" time="0.0246418">
        </testcase>
        <testcase classname="tests/integration/fornecedores.spec.ts" name="POST /api/fornecedores &gt; recusa CNPJ com dígito verificador errado com 400" time="0.0234298">
        </testcase>
        <testcase classname="tests/integration/fornecedores.spec.ts" name="POST /api/fornecedores &gt; recusa CNPJ com todos os dígitos iguais com 400" time="0.0220653">
        </testcase>
        <testcase classname="tests/integration/fornecedores.spec.ts" name="POST /api/fornecedores &gt; recusa CNPJ com letras com 400" time="0.0224307">
        </testcase>
        <testcase classname="tests/integration/fornecedores.spec.ts" name="POST /api/fornecedores &gt; recusa CNPJ com máscara incompleta com 400" time="0.0225923">
        </testcase>
        <testcase classname="tests/integration/fornecedores.spec.ts" name="POST /api/fornecedores &gt; recusa CNPJ numérico com 400" time="0.0231926">
        </testcase>
        <testcase classname="tests/integration/fornecedores.spec.ts" name="POST /api/fornecedores &gt; recusa contato com mais de 150 caracteres com 400" time="0.0242678">
        </testcase>
        <testcase classname="tests/integration/fornecedores.spec.ts" name="POST /api/fornecedores &gt; recusa contato com caractere nulo com 400" time="0.0207269">
        </testcase>
        <testcase classname="tests/integration/fornecedores.spec.ts" name="POST /api/fornecedores &gt; recusa campo extra id com 400" time="0.0215794">
        </testcase>
        <testcase classname="tests/integration/fornecedores.spec.ts" name="POST /api/fornecedores &gt; recusa movimentações aninhadas com 400" time="0.0235551">
        </testcase>
        <testcase classname="tests/integration/fornecedores.spec.ts" name="POST /api/fornecedores &gt; CNPJ repetido responde 409, com ou sem máscara" time="0.048324">
        </testcase>
        <testcase classname="tests/integration/fornecedores.spec.ts" name="POST /api/fornecedores &gt; aceita CNPJ alfanumérico, grava em maiúsculas com máscara e detecta a duplicidade" time="0.0411036">
        </testcase>
        <testcase classname="tests/integration/fornecedores.spec.ts" name="POST /api/fornecedores &gt; recusa CNPJ alfanumérico com dígito verificador errado" time="0.0261687">
        </testcase>
        <testcase classname="tests/integration/fornecedores.spec.ts" name="GET /api/fornecedores &gt; lista em ordem alfabética para qualquer perfil" time="0.0308282">
        </testcase>
        <testcase classname="tests/integration/fornecedores.spec.ts" name="GET /api/fornecedores &gt; recusa parâmetro desconhecido na query com 400" time="0.0222267">
        </testcase>
        <testcase classname="tests/integration/fornecedores.spec.ts" name="GET /api/fornecedores/:id &gt; devolve o fornecedor para qualquer perfil" time="0.0248276">
        </testcase>
        <testcase classname="tests/integration/fornecedores.spec.ts" name="GET /api/fornecedores/:id &gt; responde 404 para id inexistente e 400 para id inválido" time="0.0337802">
        </testcase>
        <testcase classname="tests/integration/fornecedores.spec.ts" name="PUT /api/fornecedores/:id &gt; edita só o contato, mantém o resto e registra antes e depois na auditoria" time="0.0358695">
        </testcase>
        <testcase classname="tests/integration/fornecedores.spec.ts" name="PUT /api/fornecedores/:id &gt; troca o CNPJ aplicando a máscara e limpa CNPJ e contato com null ou vazio" time="0.0601438">
        </testcase>
        <testcase classname="tests/integration/fornecedores.spec.ts" name="PUT /api/fornecedores/:id &gt; COMPRADOR recebe 200 ao editar" time="0.0345331">
        </testcase>
        <testcase classname="tests/integration/fornecedores.spec.ts" name="PUT /api/fornecedores/:id &gt; GESTOR recebe 200 ao editar" time="0.0313572">
        </testcase>
        <testcase classname="tests/integration/fornecedores.spec.ts" name="PUT /api/fornecedores/:id &gt; ADMINISTRADOR recebe 200 ao editar" time="0.0336851">
        </testcase>
        <testcase classname="tests/integration/fornecedores.spec.ts" name="PUT /api/fornecedores/:id &gt; OPERADOR recebe 403 ao editar" time="0.0288291">
        </testcase>
        <testcase classname="tests/integration/fornecedores.spec.ts" name="PUT /api/fornecedores/:id &gt; COMPRADOR edita fornecedor, mas não fabricante" time="0.043892">
        </testcase>
        <testcase classname="tests/integration/fornecedores.spec.ts" name="PUT /api/fornecedores/:id &gt; CNPJ de outro fornecedor responde 409 sem alterar nada" time="0.0393326">
        </testcase>
        <testcase classname="tests/integration/fornecedores.spec.ts" name="PUT /api/fornecedores/:id &gt; id inexistente responde 404" time="0.0281065">
        </testcase>
        <testcase classname="tests/integration/fornecedores.spec.ts" name="PUT /api/fornecedores/:id &gt; recusa corpo vazio com 400 sem alterar nada" time="0.0457071">
        </testcase>
        <testcase classname="tests/integration/fornecedores.spec.ts" name="PUT /api/fornecedores/:id &gt; recusa CNPJ inválido com 400 sem alterar nada" time="0.0391795">
        </testcase>
        <testcase classname="tests/integration/fornecedores.spec.ts" name="PUT /api/fornecedores/:id &gt; recusa contato só com o caractere nulo com 400 sem alterar nada" time="0.0453382">
        </testcase>
        <testcase classname="tests/integration/fornecedores.spec.ts" name="PUT /api/fornecedores/:id &gt; recusa id no corpo com 400 sem alterar nada" time="0.0387941">
        </testcase>
        <testcase classname="tests/integration/fornecedores.spec.ts" name="PUT /api/fornecedores/:id &gt; recusa criadoEm com 400 sem alterar nada" time="0.0376184">
        </testcase>
        <testcase classname="tests/integration/fornecedores.spec.ts" name="PUT /api/fornecedores/:id &gt; recusa movimentacoes.deleteMany com 400 sem alterar nada" time="0.0412672">
        </testcase>
    </testsuite>
    <testsuite name="tests/integration/movimentacoes-rollback.spec.ts" timestamp="2026-09-20T01:10:53.005Z" tests="2" failures="0" errors="0" skipped="0" time="0.2123987">
        <testcase classname="tests/integration/movimentacoes-rollback.spec.ts" name="rollback do registro de movimentação &gt; SAIDA: a falha depois do desconto desfaz o saldo e a movimentação" time="0.1457263">
        </testcase>
        <testcase classname="tests/integration/movimentacoes-rollback.spec.ts" name="rollback do registro de movimentação &gt; ENTRADA: a falha depois do incremento desfaz o saldo e a movimentação" time="0.0546999">
        </testcase>
    </testsuite>
    <testsuite name="tests/integration/movimentacoes.spec.ts" timestamp="2026-09-20T01:10:53.006Z" tests="66" failures="0" errors="0" skipped="0" time="4.2870163">
        <testcase classname="tests/integration/movimentacoes.spec.ts" name="POST /api/movimentacoes &gt; ENTRADA soma ao saldo e registra o responsável e o fornecedor" time="0.1165523">
        </testcase>
        <testcase classname="tests/integration/movimentacoes.spec.ts" name="POST /api/movimentacoes &gt; SAÍDA desconta do saldo" time="0.0382474">
        </testcase>
        <testcase classname="tests/integration/movimentacoes.spec.ts" name="POST /api/movimentacoes &gt; recusa SAÍDA maior que o saldo sem alterar nada" time="0.0359696">
        </testcase>
        <testcase classname="tests/integration/movimentacoes.spec.ts" name="POST /api/movimentacoes &gt; recusa pastilha inexistente com 404" time="0.0262569">
        </testcase>
        <testcase classname="tests/integration/movimentacoes.spec.ts" name="POST /api/movimentacoes &gt; abre um único alerta quando o saldo chega ao mínimo" time="0.0713807">
        </testcase>
        <testcase classname="tests/integration/movimentacoes.spec.ts" name="POST /api/movimentacoes &gt; quantidade não numérica em POST /api/movimentacoes devolve 400" time="0.1106258">
        </testcase>
        <testcase classname="tests/integration/movimentacoes.spec.ts" name="validação do corpo de POST /api/movimentacoes &gt; ENTRADA sem fornecedor devolve 400 e não mexe no saldo" time="0.0368623">
        </testcase>
        <testcase classname="tests/integration/movimentacoes.spec.ts" name="validação do corpo de POST /api/movimentacoes &gt; ENTRADA com fornecedorId que não é id válido devolve 400" time="0.0586223">
        </testcase>
        <testcase classname="tests/integration/movimentacoes.spec.ts" name="validação do corpo de POST /api/movimentacoes &gt; SAÍDA com fornecedor devolve 400 e não mexe no saldo" time="0.0320664">
        </testcase>
        <testcase classname="tests/integration/movimentacoes.spec.ts" name="validação do corpo de POST /api/movimentacoes &gt; tipo ausente ou desconhecido devolve 400" time="0.0434172">
        </testcase>
        <testcase classname="tests/integration/movimentacoes.spec.ts" name="validação do corpo de POST /api/movimentacoes &gt; pastilha ausente ou em texto devolve 400" time="0.0494625">
        </testcase>
        <testcase classname="tests/integration/movimentacoes.spec.ts" name="validação do corpo de POST /api/movimentacoes &gt; recusa a quantidade 0" time="0.0379415">
        </testcase>
        <testcase classname="tests/integration/movimentacoes.spec.ts" name="validação do corpo de POST /api/movimentacoes &gt; recusa a quantidade -1" time="0.0287542">
        </testcase>
        <testcase classname="tests/integration/movimentacoes.spec.ts" name="validação do corpo de POST /api/movimentacoes &gt; recusa a quantidade 1.5" time="0.0291269">
        </testcase>
        <testcase classname="tests/integration/movimentacoes.spec.ts" name="validação do corpo de POST /api/movimentacoes &gt; recusa a quantidade 1000001" time="0.0288392">
        </testcase>
        <testcase classname="tests/integration/movimentacoes.spec.ts" name="validação do corpo de POST /api/movimentacoes &gt; recusa a quantidade &quot;5&quot;" time="0.0283968">
        </testcase>
        <testcase classname="tests/integration/movimentacoes.spec.ts" name="validação do corpo de POST /api/movimentacoes &gt; recusa a quantidade null" time="0.0289189">
        </testcase>
        <testcase classname="tests/integration/movimentacoes.spec.ts" name="validação do corpo de POST /api/movimentacoes &gt; recusa a quantidade undefined" time="0.0278146">
        </testcase>
        <testcase classname="tests/integration/movimentacoes.spec.ts" name="validação do corpo de POST /api/movimentacoes &gt; aceita as quantidades nos limites de 1 e 1.000.000" time="0.0531479">
        </testcase>
        <testcase classname="tests/integration/movimentacoes.spec.ts" name="validação do corpo de POST /api/movimentacoes &gt; recusa documento e observação longos demais, de outro tipo ou com o caractere nulo" time="0.0651209">
        </testcase>
        <testcase classname="tests/integration/movimentacoes.spec.ts" name="validação do corpo de POST /api/movimentacoes &gt; apara os espaços antes de medir documento e observação" time="0.0458419">
        </testcase>
        <testcase classname="tests/integration/movimentacoes.spec.ts" name="validação do corpo de POST /api/movimentacoes &gt; recusa o campo extra saldoAtual" time="0.0337986">
        </testcase>
        <testcase classname="tests/integration/movimentacoes.spec.ts" name="validação do corpo de POST /api/movimentacoes &gt; recusa o campo extra usuarioId" time="0.034764">
        </testcase>
        <testcase classname="tests/integration/movimentacoes.spec.ts" name="validação do corpo de POST /api/movimentacoes &gt; recusa o campo extra dataHora" time="0.0384958">
        </testcase>
        <testcase classname="tests/integration/movimentacoes.spec.ts" name="validação do corpo de POST /api/movimentacoes &gt; recusa o campo extra id" time="0.039485">
        </testcase>
        <testcase classname="tests/integration/movimentacoes.spec.ts" name="validação do corpo de POST /api/movimentacoes &gt; recusa corpo que não é objeto" time="0.038949">
        </testcase>
        <testcase classname="tests/integration/movimentacoes.spec.ts" name="regras do registro &gt; ENTRADA com fornecedor inexistente devolve 400 REFERENCIA_INVALIDA sem gravar nada" time="0.0557383">
        </testcase>
        <testcase classname="tests/integration/movimentacoes.spec.ts" name="regras do registro &gt; pastilha inexistente responde 404 antes de conferir o fornecedor" time="0.0484916">
        </testcase>
        <testcase classname="tests/integration/movimentacoes.spec.ts" name="regras do registro &gt; SAÍDA de todo o saldo é aceita e zera o estoque" time="0.0493809">
        </testcase>
        <testcase classname="tests/integration/movimentacoes.spec.ts" name="regras do registro &gt; saldo insuficiente informa o saldo atual e a unidade da pastilha" time="0.0365574">
        </testcase>
        <testcase classname="tests/integration/movimentacoes.spec.ts" name="regras do registro &gt; devolve só a movimentação criada e o saldo atual" time="0.1727305">
        </testcase>
        <testcase classname="tests/integration/movimentacoes.spec.ts" name="GET /api/movimentacoes &gt; sem página devolve o array das 100 mais recentes com pastilha, usuário e fornecedor" time="0.0650573">
        </testcase>
        <testcase classname="tests/integration/movimentacoes.spec.ts" name="GET /api/movimentacoes &gt; ordena pela data e desempata pelo id, da mais nova para a mais antiga" time="0.0418506">
        </testcase>
        <testcase classname="tests/integration/movimentacoes.spec.ts" name="GET /api/movimentacoes &gt; com página devolve dados, total, página e tamanho" time="0.2883147">
        </testcase>
        <testcase classname="tests/integration/movimentacoes.spec.ts" name="GET /api/movimentacoes &gt; aceita o tamanho máximo de 100 por página" time="0.1201186">
        </testcase>
        <testcase classname="tests/integration/movimentacoes.spec.ts" name="GET /api/movimentacoes &gt; filtra por tipo, pastilha e período, com e sem página" time="0.1597136">
        </testcase>
        <testcase classname="tests/integration/movimentacoes.spec.ts" name="GET /api/movimentacoes &gt; recusa pagina=0 com 400" time="0.1772483">
        </testcase>
        <testcase classname="tests/integration/movimentacoes.spec.ts" name="GET /api/movimentacoes &gt; recusa pagina=abc com 400" time="0.0505968">
        </testcase>
        <testcase classname="tests/integration/movimentacoes.spec.ts" name="GET /api/movimentacoes &gt; recusa pagina=1.5 com 400" time="0.0380577">
        </testcase>
        <testcase classname="tests/integration/movimentacoes.spec.ts" name="GET /api/movimentacoes &gt; recusa tamanho=0 com 400" time="0.0371912">
        </testcase>
        <testcase classname="tests/integration/movimentacoes.spec.ts" name="GET /api/movimentacoes &gt; recusa tamanho=101 com 400" time="0.0391078">
        </testcase>
        <testcase classname="tests/integration/movimentacoes.spec.ts" name="GET /api/movimentacoes &gt; recusa tipo=TRANSFERENCIA com 400" time="0.0368447">
        </testcase>
        <testcase classname="tests/integration/movimentacoes.spec.ts" name="GET /api/movimentacoes &gt; recusa pastilhaId=0 com 400" time="0.0519718">
        </testcase>
        <testcase classname="tests/integration/movimentacoes.spec.ts" name="GET /api/movimentacoes &gt; recusa pastilhaId=x com 400" time="0.035772">
        </testcase>
        <testcase classname="tests/integration/movimentacoes.spec.ts" name="GET /api/movimentacoes &gt; recusa de=14/09/2026 com 400" time="0.036431">
        </testcase>
        <testcase classname="tests/integration/movimentacoes.spec.ts" name="GET /api/movimentacoes &gt; recusa de=2026-13-01 com 400" time="0.0299606">
        </testcase>
        <testcase classname="tests/integration/movimentacoes.spec.ts" name="GET /api/movimentacoes &gt; recusa de=2026-09-10T12:00:00 com 400" time="0.0329664">
        </testcase>
        <testcase classname="tests/integration/movimentacoes.spec.ts" name="GET /api/movimentacoes &gt; recusa ate=ontem com 400" time="0.1061035">
        </testcase>
        <testcase classname="tests/integration/movimentacoes.spec.ts" name="GET /api/movimentacoes &gt; recusa parâmetro desconhecido e período invertido" time="0.0432665">
        </testcase>
        <testcase classname="tests/integration/movimentacoes.spec.ts" name="ids no limite do INT4 &gt; aceita 2147483647 como pastilhaId e fornecedorId" time="0.0975486">
        </testcase>
        <testcase classname="tests/integration/movimentacoes.spec.ts" name="ids no limite do INT4 &gt; pastilha inexistente com id 2147483647 responde 404" time="0.0404018">
        </testcase>
        <testcase classname="tests/integration/movimentacoes.spec.ts" name="ids no limite do INT4 &gt; recusa pastilhaId igual a 2147483648 com 400" time="0.0423716">
        </testcase>
        <testcase classname="tests/integration/movimentacoes.spec.ts" name="ids no limite do INT4 &gt; recusa fornecedorId igual a 2147483648 com 400" time="0.0379072">
        </testcase>
        <testcase classname="tests/integration/movimentacoes.spec.ts" name="ids no limite do INT4 &gt; o filtro pastilhaId aceita 2147483647 e recusa 2147483648" time="0.2395812">
        </testcase>
        <testcase classname="tests/integration/movimentacoes.spec.ts" name="SAIDA de quem só registra ENTRADA &gt; COMPRADOR com SAIDA de quantidade 0 recebe 403, não 400" time="0.0545526">
        </testcase>
        <testcase classname="tests/integration/movimentacoes.spec.ts" name="SAIDA de quem só registra ENTRADA &gt; COMPRADOR com SAIDA cheia de campos inválidos também recebe 403" time="0.0304062">
        </testcase>
        <testcase classname="tests/integration/movimentacoes.spec.ts" name="SAIDA de quem só registra ENTRADA &gt; a ENTRADA inválida do COMPRADOR continua recebendo 400" time="0.0374708">
        </testcase>
        <testcase classname="tests/integration/movimentacoes.spec.ts" name="documento e observação vazios &gt; só com espaços, documento e observação gravam null" time="0.1481517">
        </testcase>
        <testcase classname="tests/integration/movimentacoes.spec.ts" name="documento e observação vazios &gt; aceita null em documento e observação e grava null" time="0.0639655">
        </testcase>
        <testcase classname="tests/integration/movimentacoes.spec.ts" name="limites do período de GET /api/movimentacoes &gt; aceita datas nos extremos dos anos 1 e 9999" time="0.0418415">
        </testcase>
        <testcase classname="tests/integration/movimentacoes.spec.ts" name="limites do período de GET /api/movimentacoes &gt; recusa de=0000-01-01, fora dos anos 1 a 9999 em UTC" time="0.0291071">
        </testcase>
        <testcase classname="tests/integration/movimentacoes.spec.ts" name="limites do período de GET /api/movimentacoes &gt; recusa de=0001-01-01T00:00:00+03:00, fora dos anos 1 a 9999 em UTC" time="0.1963721">
        </testcase>
        <testcase classname="tests/integration/movimentacoes.spec.ts" name="limites do período de GET /api/movimentacoes &gt; recusa ate=0000-12-31, fora dos anos 1 a 9999 em UTC" time="0.0492643">
        </testcase>
        <testcase classname="tests/integration/movimentacoes.spec.ts" name="limites do período de GET /api/movimentacoes &gt; recusa ate=9999-12-31T23:00:00-03:00, fora dos anos 1 a 9999 em UTC" time="0.0308947">
        </testcase>
        <testcase classname="tests/integration/movimentacoes.spec.ts" name="saldo máximo do banco &gt; a ENTRADA que passaria de 2147483647 responde 400 sem gravar nada" time="0.133447">
        </testcase>
        <testcase classname="tests/integration/movimentacoes.spec.ts" name="estoque mínimo 0 nas movimentações &gt; a saída que zera o saldo de uma pastilha sem mínimo não abre alerta" time="0.0561575">
        </testcase>
    </testsuite>
    <testsuite name="tests/integration/painel.spec.ts" timestamp="2026-09-20T01:10:53.021Z" tests="7" failures="0" errors="0" skipped="0" time="0.4620763">
        <testcase classname="tests/integration/painel.spec.ts" name="GET /api/painel/resumo &gt; devolve totais, itens críticos e últimas movimentações no formato de sempre" time="0.1579442">
        </testcase>
        <testcase classname="tests/integration/painel.spec.ts" name="GET /api/painel/resumo &gt; traz só as 5 movimentações mais recentes, com o limite aplicado no banco" time="0.0494464">
        </testcase>
        <testcase classname="tests/integration/painel.spec.ts" name="GET /api/painel/resumo &gt; limita os itens críticos a 20, começando pelos de menor saldo" time="0.1027349">
        </testcase>
        <testcase classname="tests/integration/painel.spec.ts" name="GET /api/painel/resumo &gt; não conta como crítica a pastilha com estoque mínimo 0" time="0.0468921">
        </testcase>
        <testcase classname="tests/integration/painel.spec.ts" name="GET /api/painel/resumo &gt; com o banco vazio devolve zeros e listas vazias" time="0.0302028">
        </testcase>
        <testcase classname="tests/integration/painel.spec.ts" name="GET /api/painel/resumo &gt; exige autenticação" time="0.0164955">
        </testcase>
        <testcase classname="tests/integration/painel.spec.ts" name="desempate dos itens críticos do painel &gt; pastilhas com o mesmo saldo saem do id menor para o maior" time="0.0417529">
        </testcase>
    </testsuite>
    <testsuite name="tests/integration/pastilhas-concorrencia.spec.ts" timestamp="2026-09-20T01:10:53.023Z" tests="1" failures="0" errors="0" skipped="0" time="0.2383101">
        <testcase classname="tests/integration/pastilhas-concorrencia.spec.ts" name="edição concorrente da pastilha &gt; espera a trava da linha, audita o valor gravado pela outra transação e mantém o alerta coerente" time="0.2063379">
        </testcase>
    </testsuite>
    <testsuite name="tests/integration/pastilhas-transacao.spec.ts" timestamp="2026-09-20T01:10:53.023Z" tests="2" failures="0" errors="0" skipped="0" time="0.181913">
        <testcase classname="tests/integration/pastilhas-transacao.spec.ts" name="pastilha em uma única transação &gt; se a avaliação do alerta falha na criação, a pastilha e a auditoria não ficam gravadas" time="0.1144811">
        </testcase>
        <testcase classname="tests/integration/pastilhas-transacao.spec.ts" name="pastilha em uma única transação &gt; se a avaliação do alerta falha na edição, o estoque mínimo e a auditoria ficam como estavam" time="0.0513553">
        </testcase>
    </testsuite>
    <testsuite name="tests/integration/pastilhas.spec.ts" timestamp="2026-09-20T01:10:53.024Z" tests="85" failures="0" errors="0" skipped="0" time="3.8649707">
        <testcase classname="tests/integration/pastilhas.spec.ts" name="POST /api/pastilhas &gt; cadastra com os padrões, tira os espaços das pontas e devolve o fabricante" time="0.1940433">
        </testcase>
        <testcase classname="tests/integration/pastilhas.spec.ts" name="POST /api/pastilhas &gt; grava os campos opcionais informados" time="0.120765">
        </testcase>
        <testcase classname="tests/integration/pastilhas.spec.ts" name="POST /api/pastilhas &gt; registra a criação na auditoria, sem o fabricante embutido" time="0.1149391">
        </testcase>
        <testcase classname="tests/integration/pastilhas.spec.ts" name="POST /api/pastilhas &gt; com estoque mínimo acima de 0 já abre o alerta na mesma transação, porque o saldo nasce 0" time="0.0703778">
        </testcase>
        <testcase classname="tests/integration/pastilhas.spec.ts" name="POST /api/pastilhas &gt; com estoque mínimo 0 não abre alerta, porque o mínimo zerado desliga a reposição" time="0.0434943">
        </testcase>
        <testcase classname="tests/integration/pastilhas.spec.ts" name="POST /api/pastilhas &gt; a primeira entrada acima do mínimo fecha o alerta aberto na criação" time="0.110482">
        </testcase>
        <testcase classname="tests/integration/pastilhas.spec.ts" name="POST /api/pastilhas &gt; recusa sem código com 400" time="0.0363218">
        </testcase>
        <testcase classname="tests/integration/pastilhas.spec.ts" name="POST /api/pastilhas &gt; recusa código em branco com 400" time="0.0342077">
        </testcase>
        <testcase classname="tests/integration/pastilhas.spec.ts" name="POST /api/pastilhas &gt; recusa código com mais de 40 caracteres com 400" time="0.0349289">
        </testcase>
        <testcase classname="tests/integration/pastilhas.spec.ts" name="POST /api/pastilhas &gt; recusa sem descrição com 400" time="0.0286278">
        </testcase>
        <testcase classname="tests/integration/pastilhas.spec.ts" name="POST /api/pastilhas &gt; recusa descrição com mais de 200 caracteres com 400" time="0.0331008">
        </testcase>
        <testcase classname="tests/integration/pastilhas.spec.ts" name="POST /api/pastilhas &gt; recusa modelo com mais de 60 caracteres com 400" time="0.038523">
        </testcase>
        <testcase classname="tests/integration/pastilhas.spec.ts" name="POST /api/pastilhas &gt; recusa aplicação com mais de 200 caracteres com 400" time="0.0313034">
        </testcase>
        <testcase classname="tests/integration/pastilhas.spec.ts" name="POST /api/pastilhas &gt; recusa unidade com mais de 10 caracteres com 400" time="0.0337339">
        </testcase>
        <testcase classname="tests/integration/pastilhas.spec.ts" name="POST /api/pastilhas &gt; recusa unidade em branco com 400" time="0.0347363">
        </testcase>
        <testcase classname="tests/integration/pastilhas.spec.ts" name="POST /api/pastilhas &gt; recusa estoque mínimo negativo com 400" time="0.0328656">
        </testcase>
        <testcase classname="tests/integration/pastilhas.spec.ts" name="POST /api/pastilhas &gt; recusa estoque mínimo acima de 1.000.000 com 400" time="0.0291313">
        </testcase>
        <testcase classname="tests/integration/pastilhas.spec.ts" name="POST /api/pastilhas &gt; recusa estoque mínimo fracionado com 400" time="0.0323087">
        </testcase>
        <testcase classname="tests/integration/pastilhas.spec.ts" name="POST /api/pastilhas &gt; recusa estoque mínimo em texto com 400" time="0.0305997">
        </testcase>
        <testcase classname="tests/integration/pastilhas.spec.ts" name="POST /api/pastilhas &gt; recusa sem fabricante com 400" time="0.0335198">
        </testcase>
        <testcase classname="tests/integration/pastilhas.spec.ts" name="POST /api/pastilhas &gt; recusa fabricante zero com 400" time="0.0298983">
        </testcase>
        <testcase classname="tests/integration/pastilhas.spec.ts" name="POST /api/pastilhas &gt; recusa fabricante em texto com 400" time="0.0305598">
        </testcase>
        <testcase classname="tests/integration/pastilhas.spec.ts" name="POST /api/pastilhas &gt; recusa fabricante fora da faixa do banco com 400" time="0.0340111">
        </testcase>
        <testcase classname="tests/integration/pastilhas.spec.ts" name="POST /api/pastilhas &gt; recusa código com caractere nulo com 400" time="0.0320106">
        </testcase>
        <testcase classname="tests/integration/pastilhas.spec.ts" name="POST /api/pastilhas &gt; recusa descrição com caractere nulo com 400" time="0.0386494">
        </testcase>
        <testcase classname="tests/integration/pastilhas.spec.ts" name="POST /api/pastilhas &gt; recusa modelo só com o caractere nulo com 400" time="0.0360092">
        </testcase>
        <testcase classname="tests/integration/pastilhas.spec.ts" name="POST /api/pastilhas &gt; recusa aplicação com caractere nulo com 400" time="0.0367934">
        </testcase>
        <testcase classname="tests/integration/pastilhas.spec.ts" name="POST /api/pastilhas &gt; recusa unidade com caractere nulo com 400" time="0.0350608">
        </testcase>
        <testcase classname="tests/integration/pastilhas.spec.ts" name="POST /api/pastilhas &gt; recusa o campo extra saldoAtual com 400 sem gravar nada" time="0.0361808">
        </testcase>
        <testcase classname="tests/integration/pastilhas.spec.ts" name="POST /api/pastilhas &gt; recusa o campo extra id com 400 sem gravar nada" time="0.0340158">
        </testcase>
        <testcase classname="tests/integration/pastilhas.spec.ts" name="POST /api/pastilhas &gt; recusa o campo extra criadoEm com 400 sem gravar nada" time="0.0331618">
        </testcase>
        <testcase classname="tests/integration/pastilhas.spec.ts" name="POST /api/pastilhas &gt; recusa o campo extra fabricante com 400 sem gravar nada" time="0.0341633">
        </testcase>
        <testcase classname="tests/integration/pastilhas.spec.ts" name="POST /api/pastilhas &gt; recusa o campo extra movimentacoes com 400 sem gravar nada" time="0.0339036">
        </testcase>
        <testcase classname="tests/integration/pastilhas.spec.ts" name="POST /api/pastilhas &gt; grava o código em maiúsculas, sem os espaços das pontas" time="0.0469233">
        </testcase>
        <testcase classname="tests/integration/pastilhas.spec.ts" name="POST /api/pastilhas &gt; cnmg 120408 e CNMG 120408 colidem em 409 DUPLICADO" time="0.0661697">
        </testcase>
        <testcase classname="tests/integration/pastilhas.spec.ts" name="POST /api/pastilhas &gt; código repetido &quot;CNMG 120408&quot; responde 409, sem diferenciar maiúsculas nem espaços nas pontas" time="0.0621956">
        </testcase>
        <testcase classname="tests/integration/pastilhas.spec.ts" name="POST /api/pastilhas &gt; código repetido &quot; CNMG 120408 &quot; responde 409, sem diferenciar maiúsculas nem espaços nas pontas" time="0.0419989">
        </testcase>
        <testcase classname="tests/integration/pastilhas.spec.ts" name="POST /api/pastilhas &gt; código repetido &quot;cnmg 120408&quot; responde 409, sem diferenciar maiúsculas nem espaços nas pontas" time="0.038821">
        </testcase>
        <testcase classname="tests/integration/pastilhas.spec.ts" name="POST /api/pastilhas &gt; código repetido &quot;Cnmg 120408 &quot; responde 409, sem diferenciar maiúsculas nem espaços nas pontas" time="0.0378714">
        </testcase>
        <testcase classname="tests/integration/pastilhas.spec.ts" name="POST /api/pastilhas &gt; fabricante inexistente responde 400 sem gravar nada" time="0.0391074">
        </testcase>
        <testcase classname="tests/integration/pastilhas.spec.ts" name="POST /api/pastilhas &gt; OPERADOR não cadastra pastilha" time="0.0336249">
        </testcase>
        <testcase classname="tests/integration/pastilhas.spec.ts" name="POST /api/pastilhas &gt; COMPRADOR não cadastra pastilha" time="0.0291708">
[...]
        </testcase>
        <testcase classname="tests/security/rbac.spec.ts" name="permissões em todas as rotas &gt; GET /api/pastilhas/:id para COMPRADOR" time="0.0385815">
        </testcase>
        <testcase classname="tests/security/rbac.spec.ts" name="permissões em todas as rotas &gt; POST /api/pastilhas para ANONIMO" time="0.0191343">
        </testcase>
        <testcase classname="tests/security/rbac.spec.ts" name="permissões em todas as rotas &gt; POST /api/pastilhas para ADMINISTRADOR" time="0.0446066">
        </testcase>
        <testcase classname="tests/security/rbac.spec.ts" name="permissões em todas as rotas &gt; POST /api/pastilhas para GESTOR" time="0.0459677">
        </testcase>
        <testcase classname="tests/security/rbac.spec.ts" name="permissões em todas as rotas &gt; POST /api/pastilhas para OPERADOR" time="0.0236289">
        </testcase>
        <testcase classname="tests/security/rbac.spec.ts" name="permissões em todas as rotas &gt; POST /api/pastilhas para COMPRADOR" time="0.0284553">
        </testcase>
        <testcase classname="tests/security/rbac.spec.ts" name="permissões em todas as rotas &gt; PUT /api/pastilhas/:id para ANONIMO" time="0.0186983">
        </testcase>
        <testcase classname="tests/security/rbac.spec.ts" name="permissões em todas as rotas &gt; PUT /api/pastilhas/:id para ADMINISTRADOR" time="0.0476524">
        </testcase>
        <testcase classname="tests/security/rbac.spec.ts" name="permissões em todas as rotas &gt; PUT /api/pastilhas/:id para GESTOR" time="0.0518965">
        </testcase>
        <testcase classname="tests/security/rbac.spec.ts" name="permissões em todas as rotas &gt; PUT /api/pastilhas/:id para OPERADOR" time="0.0529422">
        </testcase>
        <testcase classname="tests/security/rbac.spec.ts" name="permissões em todas as rotas &gt; PUT /api/pastilhas/:id para COMPRADOR" time="0.0539586">
        </testcase>
        <testcase classname="tests/security/rbac.spec.ts" name="permissões em todas as rotas &gt; GET /api/fabricantes para ANONIMO" time="0.0199401">
        </testcase>
        <testcase classname="tests/security/rbac.spec.ts" name="permissões em todas as rotas &gt; GET /api/fabricantes para ADMINISTRADOR" time="0.025794">
        </testcase>
        <testcase classname="tests/security/rbac.spec.ts" name="permissões em todas as rotas &gt; GET /api/fabricantes para GESTOR" time="0.0249192">
        </testcase>
        <testcase classname="tests/security/rbac.spec.ts" name="permissões em todas as rotas &gt; GET /api/fabricantes para OPERADOR" time="0.0230311">
        </testcase>
        <testcase classname="tests/security/rbac.spec.ts" name="permissões em todas as rotas &gt; GET /api/fabricantes para COMPRADOR" time="0.0242564">
        </testcase>
        <testcase classname="tests/security/rbac.spec.ts" name="permissões em todas as rotas &gt; GET /api/fabricantes/:id para ANONIMO" time="0.0189193">
        </testcase>
        <testcase classname="tests/security/rbac.spec.ts" name="permissões em todas as rotas &gt; GET /api/fabricantes/:id para ADMINISTRADOR" time="0.0297384">
        </testcase>
        <testcase classname="tests/security/rbac.spec.ts" name="permissões em todas as rotas &gt; GET /api/fabricantes/:id para GESTOR" time="0.0382096">
        </testcase>
        <testcase classname="tests/security/rbac.spec.ts" name="permissões em todas as rotas &gt; GET /api/fabricantes/:id para OPERADOR" time="0.0328558">
        </testcase>
        <testcase classname="tests/security/rbac.spec.ts" name="permissões em todas as rotas &gt; GET /api/fabricantes/:id para COMPRADOR" time="0.0263272">
        </testcase>
        <testcase classname="tests/security/rbac.spec.ts" name="permissões em todas as rotas &gt; POST /api/fabricantes para ANONIMO" time="0.0159808">
        </testcase>
        <testcase classname="tests/security/rbac.spec.ts" name="permissões em todas as rotas &gt; POST /api/fabricantes para ADMINISTRADOR" time="0.0278908">
        </testcase>
        <testcase classname="tests/security/rbac.spec.ts" name="permissões em todas as rotas &gt; POST /api/fabricantes para GESTOR" time="0.0276451">
        </testcase>
        <testcase classname="tests/security/rbac.spec.ts" name="permissões em todas as rotas &gt; POST /api/fabricantes para OPERADOR" time="0.0202058">
        </testcase>
        <testcase classname="tests/security/rbac.spec.ts" name="permissões em todas as rotas &gt; POST /api/fabricantes para COMPRADOR" time="0.0190542">
        </testcase>
        <testcase classname="tests/security/rbac.spec.ts" name="permissões em todas as rotas &gt; PUT /api/fabricantes/:id para ANONIMO" time="0.0158027">
        </testcase>
        <testcase classname="tests/security/rbac.spec.ts" name="permissões em todas as rotas &gt; PUT /api/fabricantes/:id para ADMINISTRADOR" time="0.0329759">
        </testcase>
        <testcase classname="tests/security/rbac.spec.ts" name="permissões em todas as rotas &gt; PUT /api/fabricantes/:id para GESTOR" time="0.0336115">
        </testcase>
        <testcase classname="tests/security/rbac.spec.ts" name="permissões em todas as rotas &gt; PUT /api/fabricantes/:id para OPERADOR" time="0.0233414">
        </testcase>
        <testcase classname="tests/security/rbac.spec.ts" name="permissões em todas as rotas &gt; PUT /api/fabricantes/:id para COMPRADOR" time="0.0238306">
        </testcase>
        <testcase classname="tests/security/rbac.spec.ts" name="permissões em todas as rotas &gt; GET /api/fornecedores para ANONIMO" time="0.0139138">
        </testcase>
        <testcase classname="tests/security/rbac.spec.ts" name="permissões em todas as rotas &gt; GET /api/fornecedores para ADMINISTRADOR" time="0.0254648">
        </testcase>
        <testcase classname="tests/security/rbac.spec.ts" name="permissões em todas as rotas &gt; GET /api/fornecedores para GESTOR" time="0.0237182">
        </testcase>
        <testcase classname="tests/security/rbac.spec.ts" name="permissões em todas as rotas &gt; GET /api/fornecedores para OPERADOR" time="0.0263294">
        </testcase>
        <testcase classname="tests/security/rbac.spec.ts" name="permissões em todas as rotas &gt; GET /api/fornecedores para COMPRADOR" time="0.027017">
        </testcase>
        <testcase classname="tests/security/rbac.spec.ts" name="permissões em todas as rotas &gt; GET /api/fornecedores/:id para ANONIMO" time="0.0201336">
        </testcase>
        <testcase classname="tests/security/rbac.spec.ts" name="permissões em todas as rotas &gt; GET /api/fornecedores/:id para ADMINISTRADOR" time="0.0310563">
        </testcase>
        <testcase classname="tests/security/rbac.spec.ts" name="permissões em todas as rotas &gt; GET /api/fornecedores/:id para GESTOR" time="0.030687">
        </testcase>
        <testcase classname="tests/security/rbac.spec.ts" name="permissões em todas as rotas &gt; GET /api/fornecedores/:id para OPERADOR" time="0.0282549">
        </testcase>
        <testcase classname="tests/security/rbac.spec.ts" name="permissões em todas as rotas &gt; GET /api/fornecedores/:id para COMPRADOR" time="0.0281681">
        </testcase>
        <testcase classname="tests/security/rbac.spec.ts" name="permissões em todas as rotas &gt; POST /api/fornecedores para ANONIMO" time="0.0151744">
        </testcase>
        <testcase classname="tests/security/rbac.spec.ts" name="permissões em todas as rotas &gt; POST /api/fornecedores para ADMINISTRADOR" time="0.0356376">
        </testcase>
        <testcase classname="tests/security/rbac.spec.ts" name="permissões em todas as rotas &gt; POST /api/fornecedores para GESTOR" time="0.0356765">
        </testcase>
        <testcase classname="tests/security/rbac.spec.ts" name="permissões em todas as rotas &gt; POST /api/fornecedores para OPERADOR" time="0.0218996">
        </testcase>
        <testcase classname="tests/security/rbac.spec.ts" name="permissões em todas as rotas &gt; POST /api/fornecedores para COMPRADOR" time="0.031046">
        </testcase>
        <testcase classname="tests/security/rbac.spec.ts" name="permissões em todas as rotas &gt; PUT /api/fornecedores/:id para ANONIMO" time="0.0182967">
        </testcase>
        <testcase classname="tests/security/rbac.spec.ts" name="permissões em todas as rotas &gt; PUT /api/fornecedores/:id para ADMINISTRADOR" time="0.0373438">
        </testcase>
        <testcase classname="tests/security/rbac.spec.ts" name="permissões em todas as rotas &gt; PUT /api/fornecedores/:id para GESTOR" time="0.0339285">
        </testcase>
        <testcase classname="tests/security/rbac.spec.ts" name="permissões em todas as rotas &gt; PUT /api/fornecedores/:id para OPERADOR" time="0.0263675">
        </testcase>
        <testcase classname="tests/security/rbac.spec.ts" name="permissões em todas as rotas &gt; PUT /api/fornecedores/:id para COMPRADOR" time="0.0386707">
        </testcase>
        <testcase classname="tests/security/rbac.spec.ts" name="permissões em todas as rotas &gt; GET /api/movimentacoes para ANONIMO" time="0.0158655">
        </testcase>
        <testcase classname="tests/security/rbac.spec.ts" name="permissões em todas as rotas &gt; GET /api/movimentacoes para ADMINISTRADOR" time="0.0288405">
        </testcase>
        <testcase classname="tests/security/rbac.spec.ts" name="permissões em todas as rotas &gt; GET /api/movimentacoes para GESTOR" time="0.0236696">
        </testcase>
        <testcase classname="tests/security/rbac.spec.ts" name="permissões em todas as rotas &gt; GET /api/movimentacoes para OPERADOR" time="0.0234945">
        </testcase>
        <testcase classname="tests/security/rbac.spec.ts" name="permissões em todas as rotas &gt; GET /api/movimentacoes para COMPRADOR" time="0.0232405">
        </testcase>
        <testcase classname="tests/security/rbac.spec.ts" name="permissões em todas as rotas &gt; POST /api/movimentacoes para ANONIMO" time="0.0198341">
        </testcase>
        <testcase classname="tests/security/rbac.spec.ts" name="permissões em todas as rotas &gt; POST /api/movimentacoes para ADMINISTRADOR" time="0.0446859">
        </testcase>
        <testcase classname="tests/security/rbac.spec.ts" name="permissões em todas as rotas &gt; POST /api/movimentacoes para GESTOR" time="0.0409575">
        </testcase>
        <testcase classname="tests/security/rbac.spec.ts" name="permissões em todas as rotas &gt; POST /api/movimentacoes para OPERADOR" time="0.0395201">
        </testcase>
        <testcase classname="tests/security/rbac.spec.ts" name="permissões em todas as rotas &gt; POST /api/movimentacoes para COMPRADOR" time="0.0395843">
        </testcase>
        <testcase classname="tests/security/rbac.spec.ts" name="permissões em todas as rotas &gt; GET /api/alertas para ANONIMO" time="0.0123915">
        </testcase>
        <testcase classname="tests/security/rbac.spec.ts" name="permissões em todas as rotas &gt; GET /api/alertas para ADMINISTRADOR" time="0.02544">
        </testcase>
        <testcase classname="tests/security/rbac.spec.ts" name="permissões em todas as rotas &gt; GET /api/alertas para GESTOR" time="0.0264619">
        </testcase>
        <testcase classname="tests/security/rbac.spec.ts" name="permissões em todas as rotas &gt; GET /api/alertas para OPERADOR" time="0.0222648">
        </testcase>
        <testcase classname="tests/security/rbac.spec.ts" name="permissões em todas as rotas &gt; GET /api/alertas para COMPRADOR" time="0.0248245">
        </testcase>
        <testcase classname="tests/security/rbac.spec.ts" name="permissões em todas as rotas &gt; PATCH /api/alertas/:id/resolver para ANONIMO" time="0.0223052">
        </testcase>
        <testcase classname="tests/security/rbac.spec.ts" name="permissões em todas as rotas &gt; PATCH /api/alertas/:id/resolver para ADMINISTRADOR" time="0.0487532">
        </testcase>
        <testcase classname="tests/security/rbac.spec.ts" name="permissões em todas as rotas &gt; PATCH /api/alertas/:id/resolver para GESTOR" time="0.040612">
        </testcase>
        <testcase classname="tests/security/rbac.spec.ts" name="permissões em todas as rotas &gt; PATCH /api/alertas/:id/resolver para OPERADOR" time="0.0268515">
        </testcase>
        <testcase classname="tests/security/rbac.spec.ts" name="permissões em todas as rotas &gt; PATCH /api/alertas/:id/resolver para COMPRADOR" time="0.0376386">
        </testcase>
        <testcase classname="tests/security/rbac.spec.ts" name="permissões em todas as rotas &gt; GET /api/usuarios exige troca da senha temporária" time="0.0266804">
        </testcase>
        <testcase classname="tests/security/rbac.spec.ts" name="permissões em todas as rotas &gt; POST /api/usuarios exige troca da senha temporária" time="0.0274247">
        </testcase>
        <testcase classname="tests/security/rbac.spec.ts" name="permissões em todas as rotas &gt; PUT /api/usuarios/:id exige troca da senha temporária" time="0.0266823">
        </testcase>
        <testcase classname="tests/security/rbac.spec.ts" name="permissões em todas as rotas &gt; PATCH /api/usuarios/:id/ativo exige troca da senha temporária" time="0.0297076">
        </testcase>
        <testcase classname="tests/security/rbac.spec.ts" name="permissões em todas as rotas &gt; POST /api/usuarios/:id/redefinir-senha exige troca da senha temporária" time="0.0250603">
        </testcase>
        <testcase classname="tests/security/rbac.spec.ts" name="permissões em todas as rotas &gt; GET /api/painel/resumo exige troca da senha temporária" time="0.0222776">
        </testcase>
        <testcase classname="tests/security/rbac.spec.ts" name="permissões em todas as rotas &gt; GET /api/pastilhas exige troca da senha temporária" time="0.0247145">
        </testcase>
        <testcase classname="tests/security/rbac.spec.ts" name="permissões em todas as rotas &gt; GET /api/pastilhas/:id exige troca da senha temporária" time="0.0251138">
        </testcase>
        <testcase classname="tests/security/rbac.spec.ts" name="permissões em todas as rotas &gt; POST /api/pastilhas exige troca da senha temporária" time="0.0268607">
        </testcase>
        <testcase classname="tests/security/rbac.spec.ts" name="permissões em todas as rotas &gt; PUT /api/pastilhas/:id exige troca da senha temporária" time="0.0319739">
        </testcase>
        <testcase classname="tests/security/rbac.spec.ts" name="permissões em todas as rotas &gt; GET /api/fabricantes exige troca da senha temporária" time="0.0254951">
        </testcase>
        <testcase classname="tests/security/rbac.spec.ts" name="permissões em todas as rotas &gt; GET /api/fabricantes/:id exige troca da senha temporária" time="0.0238719">
        </testcase>
        <testcase classname="tests/security/rbac.spec.ts" name="permissões em todas as rotas &gt; POST /api/fabricantes exige troca da senha temporária" time="0.0325943">
        </testcase>
        <testcase classname="tests/security/rbac.spec.ts" name="permissões em todas as rotas &gt; PUT /api/fabricantes/:id exige troca da senha temporária" time="0.0319141">
        </testcase>
        <testcase classname="tests/security/rbac.spec.ts" name="permissões em todas as rotas &gt; GET /api/fornecedores exige troca da senha temporária" time="0.0244862">
        </testcase>
        <testcase classname="tests/security/rbac.spec.ts" name="permissões em todas as rotas &gt; GET /api/fornecedores/:id exige troca da senha temporária" time="0.0285346">
        </testcase>
        <testcase classname="tests/security/rbac.spec.ts" name="permissões em todas as rotas &gt; POST /api/fornecedores exige troca da senha temporária" time="0.0244694">
        </testcase>
        <testcase classname="tests/security/rbac.spec.ts" name="permissões em todas as rotas &gt; PUT /api/fornecedores/:id exige troca da senha temporária" time="0.0267392">
        </testcase>
        <testcase classname="tests/security/rbac.spec.ts" name="permissões em todas as rotas &gt; GET /api/movimentacoes exige troca da senha temporária" time="0.0717265">
        </testcase>
        <testcase classname="tests/security/rbac.spec.ts" name="permissões em todas as rotas &gt; POST /api/movimentacoes exige troca da senha temporária" time="0.0394786">
        </testcase>
        <testcase classname="tests/security/rbac.spec.ts" name="permissões em todas as rotas &gt; GET /api/alertas exige troca da senha temporária" time="0.0237864">
        </testcase>
        <testcase classname="tests/security/rbac.spec.ts" name="permissões em todas as rotas &gt; PATCH /api/alertas/:id/resolver exige troca da senha temporária" time="0.0331429">
        </testcase>
        <testcase classname="tests/security/rbac.spec.ts" name="permissões em todas as rotas &gt; GET /api/auth/me aceita senha temporária" time="0.0251571">
        </testcase>
        <testcase classname="tests/security/rbac.spec.ts" name="permissões em todas as rotas &gt; PATCH /api/auth/senha aceita senha temporária" time="0.0413369">
        </testcase>
        <testcase classname="tests/security/rbac.spec.ts" name="permissões em todas as rotas &gt; a tabela corresponde às 26 rotas do contrato e aos perfis da matriz" time="0.0143338">
        </testcase>
        <testcase classname="tests/security/rbac.spec.ts" name="permissões em todas as rotas &gt; a tabela corresponde às rotas montadas no Express" time="0.0162616">
        </testcase>
    </testsuite>
    <testsuite name="tests/security/travas-administradores.spec.ts" timestamp="2026-09-20T01:10:53.105Z" tests="2" failures="0" errors="0" skipped="0" time="0.6165827">
        <testcase classname="tests/security/travas-administradores.spec.ts" name="trava dos administradores ativos com ações cruzadas &gt; A redefine a senha de B enquanto B desativa A: as duas terminam, sem deadlock" time="0.3820468">
        </testcase>
        <testcase classname="tests/security/travas-administradores.spec.ts" name="trava dos administradores ativos com ações cruzadas &gt; pela API, as duas ações cruzadas em Promise.all nunca dão erro 500" time="0.2191092">
        </testcase>
    </testsuite>
    <testsuite name="tests/security/troca-concorrente.spec.ts" timestamp="2026-09-20T01:10:53.106Z" tests="4" failures="0" errors="0" skipped="0" time="0.3148636">
        <testcase classname="tests/security/troca-concorrente.spec.ts" name="troca de senha concorrente com uma ação do administrador &gt; a redefinição de senha no meio do caminho vence, e a troca responde 401 sem emitir token" time="0.1234363">
        </testcase>
        <testcase classname="tests/security/troca-concorrente.spec.ts" name="troca de senha concorrente com uma ação do administrador &gt; a recuperação pelo script no meio do caminho vence, e a troca responde 401 sem emitir token" time="0.0529985">
        </testcase>
        <testcase classname="tests/security/troca-concorrente.spec.ts" name="troca de senha concorrente com uma ação do administrador &gt; a desativação no meio do caminho vence, e a troca responde 401 sem emitir token" time="0.0612753">
        </testcase>
        <testcase classname="tests/security/troca-concorrente.spec.ts" name="troca de senha concorrente com uma ação do administrador &gt; sem ação concorrente, a mesma troca grava e devolve um token novo" time="0.0531067">
        </testcase>
    </testsuite>
    <testsuite name="tests/security/usuario-inativo.spec.ts" timestamp="2026-09-20T01:10:53.108Z" tests="2" failures="0" errors="0" skipped="0" time="0.1648707">
        <testcase classname="tests/security/usuario-inativo.spec.ts" name="usuário desativado &gt; perde o acesso mesmo com token ainda válido" time="0.1009499">
        </testcase>
        <testcase classname="tests/security/usuario-inativo.spec.ts" name="usuário desativado &gt; perde o acesso em todas as rotas protegidas, inclusive nas de escrita" time="0.0414837">
        </testcase>
    </testsuite>
</testsuites>
