<?xml version="1.0" encoding="UTF-8" ?>
<testsuites name="vitest tests" tests="300" failures="0" errors="0" time="91.7138446">
    <testsuite name="tests/App.spec.tsx" timestamp="2026-09-20T01:12:07.429Z" tests="12" failures="0" errors="0" skipped="0" time="17.1657588">
        <testcase classname="tests/App.spec.tsx" name="rotas da aplicação &gt; sem sessão, uma rota protegida leva ao login" time="0.5772852">
        </testcase>
        <testcase classname="tests/App.spec.tsx" name="rotas da aplicação &gt; com o token vencido, o login avisa que a sessão expirou" time="0.0443221">
        </testcase>
        <testcase classname="tests/App.spec.tsx" name="rotas da aplicação &gt; o painel abre na raiz, dentro do layout" time="0.8408192">
        </testcase>
        <testcase classname="tests/App.spec.tsx" name="rotas da aplicação &gt; /pastilhas está registrada e abre dentro do layout" time="0.1381221">
        </testcase>
        <testcase classname="tests/App.spec.tsx" name="rotas da aplicação &gt; /movimentacoes está registrada e abre dentro do layout" time="0.1728208">
        </testcase>
        <testcase classname="tests/App.spec.tsx" name="rotas da aplicação &gt; /alertas está registrada e abre dentro do layout" time="0.122973">
        </testcase>
        <testcase classname="tests/App.spec.tsx" name="rotas da aplicação &gt; /fabricantes está registrada e abre dentro do layout" time="0.1262921">
        </testcase>
        <testcase classname="tests/App.spec.tsx" name="rotas da aplicação &gt; /fornecedores está registrada e abre dentro do layout" time="0.1390769">
        </testcase>
        <testcase classname="tests/App.spec.tsx" name="rotas da aplicação &gt; /usuarios está registrada e abre dentro do layout" time="0.1385573">
        </testcase>
        <testcase classname="tests/App.spec.tsx" name="rotas da aplicação &gt; o GESTOR que abre /usuarios vai para a página de sem permissão" time="0.0896986">
        </testcase>
        <testcase classname="tests/App.spec.tsx" name="rotas da aplicação &gt; uma rota inexistente mostra a página não encontrada, com o menu" time="0.1174493">
        </testcase>
        <testcase classname="tests/App.spec.tsx" name="rotas da aplicação &gt; com a troca de senha pendente, qualquer rota leva à troca de senha, fora do layout" time="0.0524252">
        </testcase>
    </testsuite>
    <testsuite name="tests/fluxos.spec.tsx" timestamp="2026-09-20T01:12:07.436Z" tests="4" failures="0" errors="0" skipped="0" time="19.1879674">
        <testcase classname="tests/fluxos.spec.tsx" name="fluxos de sessão na aplicação inteira &gt; quem entra com a senha temporária troca a senha e chega ao painel" time="3.2070258">
        </testcase>
        <testcase classname="tests/fluxos.spec.tsx" name="fluxos de sessão na aplicação inteira &gt; a sessão que expira durante o uso leva ao login com aviso, e entrar de novo volta ao painel" time="0.8366545">
        </testcase>
        <testcase classname="tests/fluxos.spec.tsx" name="fluxos de sessão na aplicação inteira &gt; quando a API exige a troca de senha, a tela de troca aparece no lugar da página" time="0.070319">
        </testcase>
        <testcase classname="tests/fluxos.spec.tsx" name="fluxos de sessão na aplicação inteira &gt; sair pelo cabeçalho encerra a sessão e volta ao login" time="0.1080319">
        </testcase>
    </testsuite>
    <testsuite name="tests/components/Layout.spec.tsx" timestamp="2026-09-20T01:12:07.437Z" tests="11" failures="0" errors="0" skipped="0" time="2.5754278">
        <testcase classname="tests/components/Layout.spec.tsx" name="Layout &gt; o ADMINISTRADOR vê todos os itens do menu, inclusive Usuários" time="0.8295207">
        </testcase>
        <testcase classname="tests/components/Layout.spec.tsx" name="Layout &gt; o GESTOR não vê Usuários no menu" time="0.1511103">
        </testcase>
        <testcase classname="tests/components/Layout.spec.tsx" name="Layout &gt; o OPERADOR não vê Usuários no menu" time="0.1011462">
        </testcase>
        <testcase classname="tests/components/Layout.spec.tsx" name="Layout &gt; o COMPRADOR não vê Usuários no menu" time="0.1490054">
        </testcase>
        <testcase classname="tests/components/Layout.spec.tsx" name="Layout &gt; marca o item da página atual" time="0.1168302">
        </testcase>
        <testcase classname="tests/components/Layout.spec.tsx" name="Layout &gt; mostra o nome e o perfil do usuário no cabeçalho" time="0.0455524">
        </testcase>
        <testcase classname="tests/components/Layout.spec.tsx" name="Layout &gt; o link de pular leva o foco ao conteúdo principal" time="0.2336618">
        </testcase>
        <testcase classname="tests/components/Layout.spec.tsx" name="Layout &gt; Alterar senha leva à tela de troca de senha" time="0.1708034">
        </testcase>
        <testcase classname="tests/components/Layout.spec.tsx" name="Layout &gt; Sair encerra a sessão e leva ao login" time="0.1568746">
        </testcase>
        <testcase classname="tests/components/Layout.spec.tsx" name="Layout &gt; o botão Menu abre a navegação e ela fecha ao escolher uma página" time="0.350401">
        </testcase>
        <testcase classname="tests/components/Layout.spec.tsx" name="Layout &gt; uma página que falha mostra o limite de erro sem derrubar o menu" time="0.2582997">
        </testcase>
    </testsuite>
    <testsuite name="tests/components/LimiteDeErro.spec.tsx" timestamp="2026-09-20T01:12:07.440Z" tests="4" failures="0" errors="0" skipped="0" time="0.3941068">
        <testcase classname="tests/components/LimiteDeErro.spec.tsx" name="LimiteDeErro &gt; sem erro, só renderiza o conteúdo" time="0.0355214">
        </testcase>
        <testcase classname="tests/components/LimiteDeErro.spec.tsx" name="LimiteDeErro &gt; mostra uma mensagem amigável quando um componente falha" time="0.2522625">
        </testcase>
        <testcase classname="tests/components/LimiteDeErro.spec.tsx" name="LimiteDeErro &gt; registra o erro no console para diagnóstico" time="0.0071602">
        </testcase>
        <testcase classname="tests/components/LimiteDeErro.spec.tsx" name="LimiteDeErro &gt; tentar de novo renderiza o conteúdo outra vez" time="0.0875689">
        </testcase>
    </testsuite>
    <testsuite name="tests/components/Mensagem.spec.tsx" timestamp="2026-09-20T01:12:07.441Z" tests="4" failures="0" errors="0" skipped="0" time="0.3608118">
        <testcase classname="tests/components/Mensagem.spec.tsx" name="Mensagem &gt; o erro usa role=alert, anunciado na hora" time="0.2841303">
        </testcase>
        <testcase classname="tests/components/Mensagem.spec.tsx" name="Mensagem &gt; sucesso usa role=status com aria-live polite" time="0.0237793">
        </testcase>
        <testcase classname="tests/components/Mensagem.spec.tsx" name="Mensagem &gt; info usa role=status com aria-live polite" time="0.0219166">
        </testcase>
        <testcase classname="tests/components/Mensagem.spec.tsx" name="Mensagem &gt; aceita um id, para ser ligada a um campo" time="0.0185138">
        </testcase>
    </testsuite>
    <testsuite name="tests/components/Protegido.spec.tsx" timestamp="2026-09-20T01:12:07.443Z" tests="8" failures="0" errors="0" skipped="0" time="0.1959279">
        <testcase classname="tests/components/Protegido.spec.tsx" name="Protegido &gt; sem token, redireciona para /login" time="0.0947484">
        </testcase>
        <testcase classname="tests/components/Protegido.spec.tsx" name="Protegido &gt; com token, renderiza o conteúdo" time="0.0111457">
        </testcase>
        <testcase classname="tests/components/Protegido.spec.tsx" name="Protegido &gt; com token JWT expirado, redireciona para /login avisando que a sessão expirou" time="0.008471">
        </testcase>
        <testcase classname="tests/components/Protegido.spec.tsx" name="Protegido &gt; com o usuário gravado ilegível, redireciona para /login sem quebrar a tela" time="0.0164392">
        </testcase>
        <testcase classname="tests/components/Protegido.spec.tsx" name="Protegido &gt; com a troca de senha pendente, redireciona para /alterar-senha" time="0.0154225">
        </testcase>
        <testcase classname="tests/components/Protegido.spec.tsx" name="Protegido &gt; com a troca de senha pendente, já em /alterar-senha, renderiza a tela sem redirecionar" time="0.0051674">
        </testcase>
        <testcase classname="tests/components/Protegido.spec.tsx" name="Protegido &gt; com um perfil sem permissão para a ação, redireciona para /sem-permissao" time="0.0244507">
        </testcase>
        <testcase classname="tests/components/Protegido.spec.tsx" name="Protegido &gt; com um perfil que pode executar a ação, renderiza o conteúdo" time="0.0052033">
        </testcase>
    </testsuite>
    <testsuite name="tests/components/SePerfil.spec.tsx" timestamp="2026-09-20T01:12:07.445Z" tests="4" failures="0" errors="0" skipped="0" time="0.3733524">
        <testcase classname="tests/components/SePerfil.spec.tsx" name="SePerfil &gt; mostra o conteúdo a quem pode executar a ação" time="0.3400977">
        </testcase>
        <testcase classname="tests/components/SePerfil.spec.tsx" name="SePerfil &gt; esconde o conteúdo de quem não pode" time="0.0054172">
        </testcase>
        <testcase classname="tests/components/SePerfil.spec.tsx" name="SePerfil &gt; sem sessão, esconde o conteúdo" time="0.0042226">
        </testcase>
        <testcase classname="tests/components/SePerfil.spec.tsx" name="SePerfil &gt; mostra a alternativa a quem não pode, quando informada" time="0.0090774">
        </testcase>
    </testsuite>
    <testsuite name="tests/components/TabelaMovimentacoes.spec.tsx" timestamp="2026-09-20T01:12:07.446Z" tests="4" failures="0" errors="0" skipped="0" time="0.6322572">
        <testcase classname="tests/components/TabelaMovimentacoes.spec.tsx" name="TabelaMovimentacoes &gt; tem legenda, cabeçalhos com scope e fica num contêiner que rola na horizontal" time="0.4018533">
        </testcase>
        <testcase classname="tests/components/TabelaMovimentacoes.spec.tsx" name="TabelaMovimentacoes &gt; a versão detalhada inclui fornecedor, documento e observação" time="0.1444964">
        </testcase>
        <testcase classname="tests/components/TabelaMovimentacoes.spec.tsx" name="TabelaMovimentacoes &gt; mostra o tipo por extenso e a quantidade com a unidade" time="0.0648778">
        </testcase>
        <testcase classname="tests/components/TabelaMovimentacoes.spec.tsx" name="TabelaMovimentacoes &gt; sem movimentações, mostra a mensagem de vazio no lugar da tabela" time="0.0062751">
        </testcase>
    </testsuite>
    <testsuite name="tests/components/TabelaRolavel.spec.tsx" timestamp="2026-09-20T01:12:07.447Z" tests="1" failures="0" errors="0" skipped="0" time="0.3305149">
        <testcase classname="tests/components/TabelaRolavel.spec.tsx" name="TabelaRolavel &gt; expõe a tabela larga como região alcançável pelo teclado" time="0.3165441">
        </testcase>
    </testsuite>
    <testsuite name="tests/contexts/AuthContext.spec.tsx" timestamp="2026-09-20T01:12:07.448Z" tests="16" failures="0" errors="0" skipped="0" time="1.2769849">
        <testcase classname="tests/contexts/AuthContext.spec.tsx" name="AuthContext &gt; numa rota protegida, a sessão expirada leva ao login sem perder o motivo" time="0.0994322">
        </testcase>
        <testcase classname="tests/contexts/AuthContext.spec.tsx" name="AuthContext &gt; o evento de sessão expirada limpa a sessão e leva ao login com o motivo, sem recarregar a página" time="0.034651">
        </testcase>
        <testcase classname="tests/contexts/AuthContext.spec.tsx" name="AuthContext &gt; um 401 da API leva ao login pelo roteador" time="0.6984938">
        </testcase>
        <testcase classname="tests/contexts/AuthContext.spec.tsx" name="AuthContext &gt; o evento de troca obrigatória leva a /alterar-senha e marca a sessão" time="0.0512986">
        </testcase>
        <testcase classname="tests/contexts/AuthContext.spec.tsx" name="AuthContext &gt; sair encerra a sessão e leva ao login sem motivo" time="0.1273392">
        </testcase>
        <testcase classname="tests/contexts/AuthContext.spec.tsx" name="AuthContext &gt; atualizarSessao grava o token e o usuário novos" time="0.1103863">
        </testcase>
        <testcase classname="tests/contexts/AuthContext.spec.tsx" name="AuthContext &gt; pode segue o perfil do usuário logado: ADMINISTRADOR" time="0.0066271">
        </testcase>
        <testcase classname="tests/contexts/AuthContext.spec.tsx" name="AuthContext &gt; pode segue o perfil do usuário logado: GESTOR" time="0.0066477">
        </testcase>
        <testcase classname="tests/contexts/AuthContext.spec.tsx" name="AuthContext &gt; sem sessão, não há usuário e nada é permitido" time="0.0060074">
        </testcase>
        <testcase classname="tests/contexts/AuthContext.spec.tsx" name="AuthContext &gt; depois de desmontado, deixa de ouvir os eventos, inclusive os de outras abas" time="0.0181525">
        </testcase>
        <testcase classname="tests/contexts/AuthContext.spec.tsx" name="AuthContext &gt; useAuth fora do AuthProvider lança um erro claro" time="0.0256754">
        </testcase>
        <testcase classname="tests/contexts/AuthContext.spec.tsx" name="AuthContext: sessão compartilhada entre abas &gt; quando outra aba encerra a sessão e o token some, esta aba sai e vai ao login" time="0.0136473">
        </testcase>
        <testcase classname="tests/contexts/AuthContext.spec.tsx" name="AuthContext: sessão compartilhada entre abas &gt; quando outra aba limpa o armazenamento inteiro, esta aba também sai" time="0.0299504">
        </testcase>
        <testcase classname="tests/contexts/AuthContext.spec.tsx" name="AuthContext: sessão compartilhada entre abas &gt; quando outra aba entra com outro usuário, esta aba recarrega o usuário e vai ao painel" time="0.0134477">
        </testcase>
        <testcase classname="tests/contexts/AuthContext.spec.tsx" name="AuthContext: sessão compartilhada entre abas &gt; quando só o usuário gravado muda de id, esta aba também recarrega e vai ao painel" time="0.0166212">
        </testcase>
        <testcase classname="tests/contexts/AuthContext.spec.tsx" name="AuthContext: sessão compartilhada entre abas &gt; mudanças em outras chaves do armazenamento são ignoradas" time="0.0050428">
        </testcase>
    </testsuite>
    <testsuite name="tests/mocks/acesso.spec.ts" timestamp="2026-09-20T01:12:07.452Z" tests="2" failures="0" errors="0" skipped="0" time="0.0231351">
        <testcase classname="tests/mocks/acesso.spec.ts" name="respostas de erro dos handlers simulados &gt; todo 404 sai com o código NAO_ENCONTRADO, como na API" time="0.0111481">
        </testcase>
        <testcase classname="tests/mocks/acesso.spec.ts" name="respostas de erro dos handlers simulados &gt; os demais erros saem como foram montados" time="0.0008762">
        </testcase>
    </testsuite>
    <testsuite name="tests/services/alertas.spec.ts" timestamp="2026-09-20T01:12:07.452Z" tests="6" failures="0" errors="0" skipped="0" time="0.1877658">
        <testcase classname="tests/services/alertas.spec.ts" name="serviço de alertas &gt; sem filtro, pede e recebe só os alertas abertos" time="0.091463">
        </testcase>
        <testcase classname="tests/services/alertas.spec.ts" name="serviço de alertas &gt; filtra os resolvidos, com a data e quem resolveu" time="0.0142585">
        </testcase>
        <testcase classname="tests/services/alertas.spec.ts" name="serviço de alertas &gt; TODAS traz abertos e resolvidos" time="0.0098227">
        </testcase>
        <testcase classname="tests/services/alertas.spec.ts" name="serviço de alertas &gt; o GESTOR resolve um alerta aberto, que sai da lista de abertos" time="0.0286324">
        </testcase>
        <testcase classname="tests/services/alertas.spec.ts" name="serviço de alertas &gt; resolver um alerta já resolvido responde 409 ALERTA_JA_RESOLVIDO" time="0.019714">
        </testcase>
        <testcase classname="tests/services/alertas.spec.ts" name="serviço de alertas &gt; o OPERADOR não resolve alertas" time="0.0125587">
        </testcase>
    </testsuite>
    <testsuite name="tests/services/api.spec.ts" timestamp="2026-09-20T01:12:07.454Z" tests="18" failures="0" errors="0" skipped="0" time="0.389961">
        <testcase classname="tests/services/api.spec.ts" name="api: interceptor de requisição &gt; injeta Authorization: Bearer &lt;token&gt; quando há token" time="0.1396205">
        </testcase>
        <testcase classname="tests/services/api.spec.ts" name="api: interceptor de requisição &gt; não envia Authorization quando não há token" time="0.0146975">
        </testcase>
        <testcase classname="tests/services/api.spec.ts" name="api: interceptor de resposta &gt; um 401 limpa a sessão e dispara pastrack:sessao-expirada, sem mexer em location" time="0.053262">
        </testcase>
        <testcase classname="tests/services/api.spec.ts" name="api: interceptor de resposta &gt; o 401 do próprio login é credencial recusada: não mexe na sessão nem dispara o evento" time="0.0348341">
        </testcase>
        <testcase classname="tests/services/api.spec.ts" name="api: interceptor de resposta &gt; um 403 TROCA_SENHA_OBRIGATORIA dispara pastrack:troca-senha-obrigatoria e preserva a sessão" time="0.0205589">
        </testcase>
        <testcase classname="tests/services/api.spec.ts" name="api: interceptor de resposta &gt; um 403 de perfil sem permissão não dispara evento" time="0.0149853">
        </testcase>
        <testcase classname="tests/services/api.spec.ts" name="api: interceptor de resposta &gt; outros erros preservam a sessão e não disparam eventos" time="0.0241917">
        </testcase>
        <testcase classname="tests/services/api.spec.ts" name="mensagemDeErro &gt; devolve a mensagem enviada pelo servidor" time="0.0162182">
        </testcase>
        <testcase classname="tests/services/api.spec.ts" name="mensagemDeErro &gt; sem conexão com o servidor, pede para verificar a rede" time="0.0135318">
        </testcase>
        <testcase classname="tests/services/api.spec.ts" name="mensagemDeErro &gt; com o tempo esgotado (ECONNABORTED), avisa que o servidor demorou" time="0.0006616">
        </testcase>
        <testcase classname="tests/services/api.spec.ts" name="mensagemDeErro &gt; com o tempo esgotado (ETIMEDOUT), avisa que o servidor demorou" time="0.000383">
        </testcase>
        <testcase classname="tests/services/api.spec.ts" name="mensagemDeErro &gt; com resposta sem o campo erro, devolve a mensagem de falha de comunicação" time="0.0068209">
        </testcase>
        <testcase classname="tests/services/api.spec.ts" name="mensagemDeErro &gt; para erros que não vêm do axios, devolve a mensagem de erro inesperado" time="0.0004866">
        </testcase>
        <testcase classname="tests/services/api.spec.ts" name="camposDoErro &gt; devolve os erros por campo e une os do mesmo campo" time="0.0067518">
        </testcase>
        <testcase classname="tests/services/api.spec.ts" name="camposDoErro &gt; ignora itens fora do formato" time="0.0065232">
        </testcase>
        <testcase classname="tests/services/api.spec.ts" name="camposDoErro &gt; sem erros por campo, devolve um objeto vazio" time="0.0071257">
        </testcase>
        <testcase classname="tests/services/api.spec.ts" name="codigoDoErro &gt; devolve o código estável enviado pela API" time="0.0065666">
        </testcase>
        <testcase classname="tests/services/api.spec.ts" name="codigoDoErro &gt; sem código, devolve undefined" time="0.0076739">
        </testcase>
    </testsuite>
    <testsuite name="tests/services/auth.spec.ts" timestamp="2026-09-20T01:12:07.459Z" tests="37" failures="0" errors="0" skipped="0" time="0.3478775">
        <testcase classname="tests/services/auth.spec.ts" name="serviço de autenticação &gt; login grava o token e o usuário devolvidos pelo servidor" time="0.2026074">
        </testcase>
        <testcase classname="tests/services/auth.spec.ts" name="serviço de autenticação &gt; login devolve deveTrocarSenha de quem ainda usa a senha temporária" time="0.0122981">
        </testcase>
        <testcase classname="tests/services/auth.spec.ts" name="serviço de autenticação &gt; sair remove o token e o usuário" time="0.0024994">
        </testcase>
        <testcase classname="tests/services/auth.spec.ts" name="serviço de autenticação &gt; gravarSessao grava o token e o usuário" time="0.0014955">
        </testcase>
        <testcase classname="tests/services/auth.spec.ts" name="serviço de autenticação &gt; me devolve o usuário do token" time="0.0290945">
        </testcase>
        <testcase classname="tests/services/auth.spec.ts" name="serviço de autenticação &gt; alterarSenha grava o token novo devolvido pela API" time="0.0205938">
        </testcase>
        <testcase classname="tests/services/auth.spec.ts" name="serviço de autenticação &gt; alterarSenha com a senha atual errada rejeita e mantém o token" time="0.0354871">
        </testcase>
        <testcase classname="tests/services/auth.spec.ts" name="usuarioSalvo &gt; lê o usuário gravado" time="0.0007889">
        </testcase>
        <testcase classname="tests/services/auth.spec.ts" name="usuarioSalvo &gt; devolve null quando não há sessão" time="0.0004631">
        </testcase>
        <testcase classname="tests/services/auth.spec.ts" name="usuarioSalvo &gt; não lança exceção com JSON inválido: limpa a sessão e devolve null" time="0.0025949">
        </testcase>
        <testcase classname="tests/services/auth.spec.ts" name="usuarioSalvo &gt; recusa conteúdo fora do formato de usuário e limpa a sessão" time="0.0008416">
        </testcase>
        <testcase classname="tests/services/auth.spec.ts" name="usuarioSalvo &gt; sessão gravada sem deveTrocarSenha conta como senha já trocada" time="0.0006502">
        </testcase>
        <testcase classname="tests/services/auth.spec.ts" name="marcarTrocaDeSenhaObrigatoria &gt; marca deveTrocarSenha na sessão gravada e devolve o usuário" time="0.001003">
        </testcase>
        <testcase classname="tests/services/auth.spec.ts" name="marcarTrocaDeSenhaObrigatoria &gt; sem sessão, devolve null" time="0.0004334">
        </testcase>
        <testcase classname="tests/services/auth.spec.ts" name="tokenExpirado &gt; o token expirado dos testes é um JWT bem formado com exp no passado" time="0.0008598">
        </testcase>
        <testcase classname="tests/services/auth.spec.ts" name="tokenExpirado &gt; token dentro do prazo não expirou" time="0.0009243">
        </testcase>
        <testcase classname="tests/services/auth.spec.ts" name="tokenExpirado &gt; token com exp no passado expirou" time="0.0004397">
        </testcase>
        <testcase classname="tests/services/auth.spec.ts" name="tokenExpirado &gt; sem o instante de chegada, compara o exp com o instante informado" time="0.0005051">
        </testcase>
        <testcase classname="tests/services/auth.spec.ts" name="tokenExpirado &gt; lê payload com acentos, codificado em base64url" time="0.0004088">
        </testcase>
        <testcase classname="tests/services/auth.spec.ts" name="tokenExpirado &gt; token malformado conta como expirado: texto sem partes" time="0.0005475">
        </testcase>
        <testcase classname="tests/services/auth.spec.ts" name="tokenExpirado &gt; token malformado conta como expirado: só duas partes" time="0.0003347">
        </testcase>
        <testcase classname="tests/services/auth.spec.ts" name="tokenExpirado &gt; token malformado conta como expirado: payload vazio" time="0.0002982">
        </testcase>
        <testcase classname="tests/services/auth.spec.ts" name="tokenExpirado &gt; token malformado conta como expirado: payload fora de base64" time="0.002113">
        </testcase>
        <testcase classname="tests/services/auth.spec.ts" name="tokenExpirado &gt; token malformado conta como expirado: payload que não é JSON" time="0.0004645">
        </testcase>
        <testcase classname="tests/services/auth.spec.ts" name="tokenExpirado &gt; token malformado conta como expirado: payload sem exp" time="0.0003157">
        </testcase>
        <testcase classname="tests/services/auth.spec.ts" name="tokenExpirado &gt; token malformado conta como expirado: exp em texto" time="0.0002514">
        </testcase>
        <testcase classname="tests/services/auth.spec.ts" name="validade do token contada a partir da chegada &gt; com o relógio do posto adiantado, o token vale pela sua duração a partir da chegada" time="0.0013192">
        </testcase>
        <testcase classname="tests/services/auth.spec.ts" name="validade do token contada a partir da chegada &gt; com o relógio do posto atrasado, o token não passa da sua duração" time="0.0006351">
        </testcase>
        <testcase classname="tests/services/auth.spec.ts" name="validade do token contada a partir da chegada &gt; sem iat no token, vale o exp absoluto mesmo com o instante de chegada" time="0.0004716">
        </testcase>
        <testcase classname="tests/services/auth.spec.ts" name="validade do token contada a partir da chegada &gt; a sessão gravada vale com o relógio do posto adiantado e acaba ao fim da duração" time="0.0045664">
        </testcase>
        <testcase classname="tests/services/auth.spec.ts" name="validade do token contada a partir da chegada &gt; com o relógio do posto atrasado, a sessão gravada acaba ao fim da duração do token" time="0.0030704">
        </testcase>
        <testcase classname="tests/services/auth.spec.ts" name="validade do token contada a partir da chegada &gt; o instante de chegada é gravado junto com o token e sai com a sessão" time="0.0017428">
        </testcase>
        <testcase classname="tests/services/auth.spec.ts" name="validade do token contada a partir da chegada &gt; sem o instante de chegada, ou com ele ilegível, vale o exp absoluto" time="0.0017901">
        </testcase>
        <testcase classname="tests/services/auth.spec.ts" name="estaAutenticado e sessaoExpirada &gt; sem token, não há sessão válida nem sessão expirada" time="0.0004866">
        </testcase>
        <testcase classname="tests/services/auth.spec.ts" name="estaAutenticado e sessaoExpirada &gt; com token no prazo, a sessão vale" time="0.0006722">
        </testcase>
        <testcase classname="tests/services/auth.spec.ts" name="estaAutenticado e sessaoExpirada &gt; com token vencido, a sessão expirou" time="0.000731">
        </testcase>
        <testcase classname="tests/services/auth.spec.ts" name="estaAutenticado e sessaoExpirada &gt; com token ilegível, a sessão também conta como expirada" time="0.0006096">
        </testcase>
    </testsuite>
    <testsuite name="tests/services/cadastros.spec.ts" timestamp="2026-09-20T01:12:07.470Z" tests="13" failures="0" errors="0" skipped="0" time="0.3118269">
        <testcase classname="tests/services/cadastros.spec.ts" name="serviço de fabricantes &gt; lista os fabricantes em ordem alfabética" time="0.1163998">
        </testcase>
        <testcase classname="tests/services/cadastros.spec.ts" name="serviço de fabricantes &gt; busca um fabricante pelo id" time="0.0156031">
        </testcase>
        <testcase classname="tests/services/cadastros.spec.ts" name="serviço de fabricantes &gt; cria um fabricante, que passa a aparecer na lista" time="0.0245748">
        </testcase>
        <testcase classname="tests/services/cadastros.spec.ts" name="serviço de fabricantes &gt; atualiza o nome do fabricante" time="0.0123655">
        </testcase>
        <testcase classname="tests/services/cadastros.spec.ts" name="serviço de fabricantes &gt; um nome já cadastrado responde 409 DUPLICADO" time="0.0192224">
        </testcase>
        <testcase classname="tests/services/cadastros.spec.ts" name="serviço de fabricantes &gt; o COMPRADOR não gerencia fabricantes" time="0.0112828">
        </testcase>
        <testcase classname="tests/services/cadastros.spec.ts" name="serviço de fornecedores &gt; lista e busca fornecedores" time="0.0238156">
        </testcase>
        <testcase classname="tests/services/cadastros.spec.ts" name="serviço de fornecedores &gt; cria com CNPJ sem máscara e recebe o CNPJ formatado" time="0.0134032">
        </testcase>
        <testcase classname="tests/services/cadastros.spec.ts" name="serviço de fornecedores &gt; um CNPJ com dígito verificador errado responde 400 com o erro no campo cnpj" time="0.0130959">
        </testcase>
        <testcase classname="tests/services/cadastros.spec.ts" name="serviço de fornecedores &gt; cria com CNPJ alfanumérico em minúsculas e recebe o CNPJ formatado em maiúsculas" time="0.0154041">
        </testcase>
        <testcase classname="tests/services/cadastros.spec.ts" name="serviço de fornecedores &gt; um CNPJ alfanumérico com dígito verificador errado responde 400 no campo cnpj" time="0.0107415">
        </testcase>
        <testcase classname="tests/services/cadastros.spec.ts" name="serviço de fornecedores &gt; um CNPJ já cadastrado responde 409 DUPLICADO" time="0.0109848">
        </testcase>
        <testcase classname="tests/services/cadastros.spec.ts" name="serviço de fornecedores &gt; atualiza o contato e mantém o CNPJ que não foi enviado" time="0.011365">
        </testcase>
    </testsuite>
    <testsuite name="tests/services/movimentacoes.spec.ts" timestamp="2026-09-20T01:12:07.473Z" tests="6" failures="0" errors="0" skipped="0" time="0.1847028">
        <testcase classname="tests/services/movimentacoes.spec.ts" name="serviço de movimentações &gt; sem filtros, lista o histórico sem enviar parâmetros" time="0.1077385">
        </testcase>
        <testcase classname="tests/services/movimentacoes.spec.ts" name="serviço de movimentações &gt; envia só os filtros informados" time="0.0148752">
        </testcase>
        <testcase classname="tests/services/movimentacoes.spec.ts" name="serviço de movimentações &gt; com página, devolve os dados da página e o total" time="0.0140259">
        </testcase>
        <testcase classname="tests/services/movimentacoes.spec.ts" name="serviço de movimentações &gt; registra uma ENTRADA com fornecedor e devolve o saldo atualizado" time="0.012128">
        </testcase>
        <testcase classname="tests/services/movimentacoes.spec.ts" name="serviço de movimentações &gt; a ENTRADA sem fornecedor volta com o erro no campo fornecedorId" time="0.0104082">
        </testcase>
        <testcase classname="tests/services/movimentacoes.spec.ts" name="serviço de movimentações &gt; o COMPRADOR não registra SAIDA" time="0.0128518">
        </testcase>
    </testsuite>
    <testsuite name="tests/services/pastilhas.spec.ts" timestamp="2026-09-20T01:12:07.476Z" tests="8" failures="0" errors="0" skipped="0" time="0.188298">
        <testcase classname="tests/services/pastilhas.spec.ts" name="serviço de pastilhas &gt; sem filtros, lista todas sem enviar parâmetros" time="0.0985695">
        </testcase>
        <testcase classname="tests/services/pastilhas.spec.ts" name="serviço de pastilhas &gt; envia a busca aparada e o filtro de itens críticos" time="0.0151087">
        </testcase>
        <testcase classname="tests/services/pastilhas.spec.ts" name="serviço de pastilhas &gt; busca em branco não vira parâmetro" time="0.0095317">
        </testcase>
        <testcase classname="tests/services/pastilhas.spec.ts" name="serviço de pastilhas &gt; busca uma pastilha pelo id" time="0.0096253">
        </testcase>
        <testcase classname="tests/services/pastilhas.spec.ts" name="serviço de pastilhas &gt; o GESTOR cadastra uma pastilha, que nasce com saldo zero" time="0.0147682">
        </testcase>
        <testcase classname="tests/services/pastilhas.spec.ts" name="serviço de pastilhas &gt; o OPERADOR não cadastra pastilhas" time="0.0120309">
        </testcase>
        <testcase classname="tests/services/pastilhas.spec.ts" name="serviço de pastilhas &gt; atualizarPastilha envia só os campos editáveis, nunca codigo nem saldoAtual" time="0.0104162">
        </testcase>
        <testcase classname="tests/services/pastilhas.spec.ts" name="serviço de pastilhas &gt; atualizarPastilha não envia os campos omitidos" time="0.0065219">
        </testcase>
    </testsuite>
    <testsuite name="tests/services/usuarios.spec.ts" timestamp="2026-09-20T01:12:07.477Z" tests="8" failures="0" errors="0" skipped="0" time="0.2170558">
        <testcase classname="tests/services/usuarios.spec.ts" name="serviço de usuários &gt; lista os usuários com a situação de cada um" time="0.0932804">
        </testcase>
        <testcase classname="tests/services/usuarios.spec.ts" name="serviço de usuários &gt; só o ADMINISTRADOR acessa: o GESTOR recebe 403" time="0.0252923">
        </testcase>
        <testcase classname="tests/services/usuarios.spec.ts" name="serviço de usuários &gt; cria um usuário e recebe a senha temporária uma única vez" time="0.0155775">
        </testcase>
        <testcase classname="tests/services/usuarios.spec.ts" name="serviço de usuários &gt; um e-mail já cadastrado responde 409 DUPLICADO" time="0.0076215">
        </testcase>
        <testcase classname="tests/services/usuarios.spec.ts" name="serviço de usuários &gt; atualiza o nome e o perfil" time="0.009551">
        </testcase>
        <testcase classname="tests/services/usuarios.spec.ts" name="serviço de usuários &gt; desativa e reativa um usuário" time="0.0170014">
        </testcase>
        <testcase classname="tests/services/usuarios.spec.ts" name="serviço de usuários &gt; ninguém desativa a si mesmo: 409" time="0.0193701">
        </testcase>
        <testcase classname="tests/services/usuarios.spec.ts" name="serviço de usuários &gt; redefinir a senha devolve a senha temporária e exige nova troca" time="0.0145053">
        </testcase>
    </testsuite>
    <testsuite name="tests/pages/Alertas.spec.tsx" timestamp="2026-09-20T01:12:07.479Z" tests="13" failures="0" errors="0" skipped="0" time="3.7690536">
        <testcase classname="tests/pages/Alertas.spec.tsx" name="página de alertas &gt; lista só os alertas abertos por padrão" time="1.1966999">
        </testcase>
        <testcase classname="tests/pages/Alertas.spec.tsx" name="página de alertas &gt; o filtro Resolvidos mostra quem resolveu" time="0.4760358">
        </testcase>
        <testcase classname="tests/pages/Alertas.spec.tsx" name="página de alertas &gt; o filtro Todos mostra abertos e resolvidos" time="0.2393507">
        </testcase>
        <testcase classname="tests/pages/Alertas.spec.tsx" name="página de alertas &gt; mostra o fechamento automático quando não há responsável" time="0.0981072">
        </testcase>
        <testcase classname="tests/pages/Alertas.spec.tsx" name="página de alertas &gt; o ADMINISTRADOR vê Resolver em cada alerta aberto" time="0.0935801">
        </testcase>
        <testcase classname="tests/pages/Alertas.spec.tsx" name="página de alertas &gt; o GESTOR vê Resolver em cada alerta aberto" time="0.0940027">
        </testcase>
        <testcase classname="tests/pages/Alertas.spec.tsx" name="página de alertas &gt; o OPERADOR não vê o botão Resolver" time="0.131119">
        </testcase>
        <testcase classname="tests/pages/Alertas.spec.tsx" name="página de alertas &gt; o COMPRADOR não vê o botão Resolver" time="0.1029872">
        </testcase>
        <testcase classname="tests/pages/Alertas.spec.tsx" name="página de alertas &gt; resolver pede confirmação e tira o alerta da lista de abertos" time="0.5631079">
        </testcase>
        <testcase classname="tests/pages/Alertas.spec.tsx" name="página de alertas &gt; cancelar a confirmação não resolve nada" time="0.3632573">
        </testcase>
        <testcase classname="tests/pages/Alertas.spec.tsx" name="página de alertas &gt; mostra a mensagem da API quando o alerta já foi resolvido por outra pessoa" time="0.315332">
        </testcase>
        <testcase classname="tests/pages/Alertas.spec.tsx" name="página de alertas &gt; mostra o erro quando a lista não carrega" time="0.0427812">
        </testcase>
        <testcase classname="tests/pages/Alertas.spec.tsx" name="página de alertas &gt; mostra uma frase quando não há alertas no filtro" time="0.0375035">
        </testcase>
    </testsuite>
    <testsuite name="tests/pages/AlterarSenha.spec.tsx" timestamp="2026-09-20T01:12:07.481Z" tests="12" failures="0" errors="0" skipped="0" time="8.7372424">
        <testcase classname="tests/pages/AlterarSenha.spec.tsx" name="página de alteração de senha &gt; mostra os três campos com o preenchimento automático adequado e a regra da nova senha" time="0.5766202">
        </testcase>
        <testcase classname="tests/pages/AlterarSenha.spec.tsx" name="página de alteração de senha &gt; valida no cliente, liga cada erro ao seu campo e não envia nada" time="0.962557">
        </testcase>
        <testcase classname="tests/pages/AlterarSenha.spec.tsx" name="página de alteração de senha &gt; exige letra e número na nova senha" time="1.3356595">
        </testcase>
        <testcase classname="tests/pages/AlterarSenha.spec.tsx" name="página de alteração de senha &gt; com a senha atual errada, mostra o erro no campo da senha atual" time="1.4276427">
        </testcase>
        <testcase classname="tests/pages/AlterarSenha.spec.tsx" name="página de alteração de senha &gt; mostra na nova senha a regra recusada pelo servidor" time="1.2337696">
        </testcase>
        <testcase classname="tests/pages/AlterarSenha.spec.tsx" name="página de alteração de senha &gt; um erro sem campo, como a falta de conexão, aparece como mensagem geral" time="1.0387806">
        </testcase>
        <testcase classname="tests/pages/AlterarSenha.spec.tsx" name="página de alteração de senha &gt; no sucesso, grava o token novo, libera a sessão e vai ao painel" time="1.2499626">
        </testcase>
        <testcase classname="tests/pages/AlterarSenha.spec.tsx" name="página de alteração de senha &gt; na troca obrigatória, explica o motivo e oferece sair em vez de voltar" time="0.132928">
        </testcase>
        <testcase classname="tests/pages/AlterarSenha.spec.tsx" name="página de alteração de senha &gt; na troca voluntária, oferece voltar ao painel" time="0.0432584">
        </testcase>
        <testcase classname="tests/pages/AlterarSenha.spec.tsx" name="revelar as senhas digitadas &gt; mostra e esconde Senha atual" time="0.2491219">
        </testcase>
        <testcase classname="tests/pages/AlterarSenha.spec.tsx" name="revelar as senhas digitadas &gt; mostra e esconde Nova senha" time="0.2667681">
        </testcase>
        <testcase classname="tests/pages/AlterarSenha.spec.tsx" name="revelar as senhas digitadas &gt; mostra e esconde Confirme a nova senha" time="0.2042839">
        </testcase>
    </testsuite>
    <testsuite name="tests/pages/Fabricantes.spec.tsx" timestamp="2026-09-20T01:12:07.483Z" tests="12" failures="0" errors="0" skipped="0" time="3.4736778">
        <testcase classname="tests/pages/Fabricantes.spec.tsx" name="página de fabricantes &gt; lista os fabricantes cadastrados" time="0.587515">
        </testcase>
        <testcase classname="tests/pages/Fabricantes.spec.tsx" name="página de fabricantes &gt; o ADMINISTRADOR vê os botões de cadastro e edição" time="0.1186327">
        </testcase>
        <testcase classname="tests/pages/Fabricantes.spec.tsx" name="página de fabricantes &gt; o GESTOR vê os botões de cadastro e edição" time="0.1157565">
        </testcase>
        <testcase classname="tests/pages/Fabricantes.spec.tsx" name="página de fabricantes &gt; o OPERADOR não vê os botões de cadastro e edição" time="0.0581711">
        </testcase>
        <testcase classname="tests/pages/Fabricantes.spec.tsx" name="página de fabricantes &gt; o COMPRADOR não vê os botões de cadastro e edição" time="0.0420095">
        </testcase>
        <testcase classname="tests/pages/Fabricantes.spec.tsx" name="página de fabricantes &gt; cadastra um fabricante e mostra na lista" time="0.5800364">
        </testcase>
        <testcase classname="tests/pages/Fabricantes.spec.tsx" name="página de fabricantes &gt; edita o nome de um fabricante" time="0.8105811">
        </testcase>
        <testcase classname="tests/pages/Fabricantes.spec.tsx" name="página de fabricantes &gt; mostra no campo o nome já cadastrado" time="0.505418">
        </testcase>
        <testcase classname="tests/pages/Fabricantes.spec.tsx" name="página de fabricantes &gt; recusa o nome em branco sem chamar a API" time="0.2952733">
        </testcase>
        <testcase classname="tests/pages/Fabricantes.spec.tsx" name="página de fabricantes &gt; cancelar fecha o formulário e devolve o foco" time="0.2724422">
        </testcase>
        <testcase classname="tests/pages/Fabricantes.spec.tsx" name="página de fabricantes &gt; mostra o erro quando a lista não carrega" time="0.055064">
        </testcase>
        <testcase classname="tests/pages/Fabricantes.spec.tsx" name="página de fabricantes &gt; mostra uma frase quando não há fabricantes" time="0.0195003">
        </testcase>
    </testsuite>
    <testsuite name="tests/pages/Fornecedores.spec.tsx" timestamp="2026-09-20T01:12:07.486Z" tests="13" failures="0" errors="0" skipped="0" time="7.3559212">
        <testcase classname="tests/pages/Fornecedores.spec.tsx" name="página de fornecedores &gt; lista os fornecedores com CNPJ e contato" time="0.9111672">
        </testcase>
        <testcase classname="tests/pages/Fornecedores.spec.tsx" name="página de fornecedores &gt; o ADMINISTRADOR vê os botões de cadastro e edição" time="0.1935493">
        </testcase>
        <testcase classname="tests/pages/Fornecedores.spec.tsx" name="página de fornecedores &gt; o GESTOR vê os botões de cadastro e edição" time="0.1725306">
        </testcase>
        <testcase classname="tests/pages/Fornecedores.spec.tsx" name="página de fornecedores &gt; o COMPRADOR vê os botões de cadastro e edição" time="0.0920032">
        </testcase>
        <testcase classname="tests/pages/Fornecedores.spec.tsx" name="página de fornecedores &gt; o OPERADOR não vê os botões de cadastro e edição" time="0.066593">
        </testcase>
        <testcase classname="tests/pages/Fornecedores.spec.tsx" name="página de fornecedores &gt; cadastra um fornecedor com CNPJ sem pontuação" time="1.9601331">
        </testcase>
        <testcase classname="tests/pages/Fornecedores.spec.tsx" name="página de fornecedores &gt; cadastra um fornecedor sem CNPJ" time="0.7674319">
        </testcase>
        <testcase classname="tests/pages/Fornecedores.spec.tsx" name="página de fornecedores &gt; edita o contato de um fornecedor" time="0.9152438">
        </testcase>
        <testcase classname="tests/pages/Fornecedores.spec.tsx" name="página de fornecedores &gt; recusa o CNPJ inválido no próprio campo, sem chamar a API" time="1.0859195">
        </testcase>
        <testcase classname="tests/pages/Fornecedores.spec.tsx" name="página de fornecedores &gt; mostra no campo o CNPJ já cadastrado" time="0.8833866">
        </testcase>
        <testcase classname="tests/pages/Fornecedores.spec.tsx" name="página de fornecedores &gt; recusa o nome em branco" time="0.2267046">
        </testcase>
        <testcase classname="tests/pages/Fornecedores.spec.tsx" name="página de fornecedores &gt; mostra o erro quando a lista não carrega" time="0.0294412">
        </testcase>
        <testcase classname="tests/pages/Fornecedores.spec.tsx" name="página de fornecedores &gt; mostra uma frase quando não há fornecedores" time="0.0347628">
        </testcase>
    </testsuite>
    <testsuite name="tests/pages/Login.spec.tsx" timestamp="2026-09-20T01:12:07.488Z" tests="8" failures="0" errors="0" skipped="0" time="4.3830334">
        <testcase classname="tests/pages/Login.spec.tsx" name="página de login &gt; renderiza o título e os campos com o preenchimento automático adequado" time="0.6679362">
        </testcase>
        <testcase classname="tests/pages/Login.spec.tsx" name="página de login &gt; com credenciais válidas, grava a sessão e leva ao painel" time="1.2720165">
        </testcase>
        <testcase classname="tests/pages/Login.spec.tsx" name="página de login &gt; com a senha temporária, leva à troca de senha em vez do painel" time="0.682541">
        </testcase>
        <testcase classname="tests/pages/Login.spec.tsx" name="página de login &gt; com resposta 401, mostra a mensagem &apos;E-mail ou senha inválidos&apos; vinda do servidor" time="0.6188535">
        </testcase>
        <testcase classname="tests/pages/Login.spec.tsx" name="página de login &gt; desabilita o botão enquanto o envio está em andamento" time="0.7256075">
        </testcase>
        <testcase classname="tests/pages/Login.spec.tsx" name="página de login &gt; avisa que a sessão expirou quando chega do encerramento da sessão" time="0.0220877">
        </testcase>
        <testcase classname="tests/pages/Login.spec.tsx" name="página de login &gt; sem motivo, não mostra o aviso de sessão expirada" time="0.0068439">
        </testcase>
        <testcase classname="tests/pages/Login.spec.tsx" name="revelar a senha no login &gt; mostra e esconde a senha digitada" time="0.3723075">
        </testcase>
    </testsuite>
    <testsuite name="tests/pages/Movimentacoes.spec.tsx" timestamp="2026-09-20T01:12:07.490Z" tests="6" failures="0" errors="0" skipped="0" time="3.4457707">
        <testcase classname="tests/pages/Movimentacoes.spec.tsx" name="página de movimentações &gt; carrega o histórico, as pastilhas e os fornecedores" time="1.0337789">
        </testcase>
        <testcase classname="tests/pages/Movimentacoes.spec.tsx" name="página de movimentações &gt; registra uma SAÍDA e anuncia o saldo atualizado" time="0.7441171">
        </testcase>
        <testcase classname="tests/pages/Movimentacoes.spec.tsx" name="página de movimentações &gt; registra uma ENTRADA com fornecedor e observação" time="0.9134846">
        </testcase>
        <testcase classname="tests/pages/Movimentacoes.spec.tsx" name="página de movimentações &gt; na ENTRADA, o fornecedor é obrigatório: sem ele, nada é enviado" time="0.3073351">
        </testcase>
        <testcase classname="tests/pages/Movimentacoes.spec.tsx" name="página de movimentações &gt; o COMPRADOR não vê a opção de SAÍDA e registra só ENTRADA" time="0.0839963">
        </testcase>
        <testcase classname="tests/pages/Movimentacoes.spec.tsx" name="página de movimentações &gt; mostra a mensagem de saldo insuficiente devolvida pelo servidor" time="0.3504346">
        </testcase>
    </testsuite>
    <testsuite name="tests/pages/NaoEncontrado.spec.tsx" timestamp="2026-09-20T01:12:07.491Z" tests="1" failures="0" errors="0" skipped="0" time="0.1982986">
        <testcase classname="tests/pages/NaoEncontrado.spec.tsx" name="página não encontrada &gt; mostra o título e o caminho de volta ao painel" time="0.1881047">
        </testcase>
    </testsuite>
    <testsuite name="tests/pages/Painel.spec.tsx" timestamp="2026-09-20T01:12:07.492Z" tests="3" failures="0" errors="0" skipped="0" time="1.2715299">
        <testcase classname="tests/pages/Painel.spec.tsx" name="página do painel &gt; mostra os totais e os itens críticos vindos da API" time="1.222015">
        </testcase>
        <testcase classname="tests/pages/Painel.spec.tsx" name="página do painel &gt; mostra a mensagem de erro do servidor quando a API falha" time="0.021336">
        </testcase>
        <testcase classname="tests/pages/Painel.spec.tsx" name="página do painel &gt; mostra a falta de conexão quando o servidor não responde" time="0.0149663">
        </testcase>
    </testsuite>
    <testsuite name="tests/pages/Pastilhas.spec.tsx" timestamp="2026-09-20T01:12:07.493Z" tests="12" failures="0" errors="0" skipped="0" time="4.1755007">
        <testcase classname="tests/pages/Pastilhas.spec.tsx" name="página de pastilhas &gt; o ADMINISTRADOR vê o botão Nova pastilha" time="0.7043103">
        </testcase>
        <testcase classname="tests/pages/Pastilhas.spec.tsx" name="página de pastilhas &gt; o GESTOR vê o botão Nova pastilha" time="0.1545227">
        </testcase>
        <testcase classname="tests/pages/Pastilhas.spec.tsx" name="página de pastilhas &gt; o OPERADOR não vê o botão Nova pastilha" time="0.0887465">
        </testcase>
        <testcase classname="tests/pages/Pastilhas.spec.tsx" name="página de pastilhas &gt; o COMPRADOR não vê o botão Nova pastilha" time="0.0757127">
        </testcase>
        <testcase classname="tests/pages/Pastilhas.spec.tsx" name="página de pastilhas &gt; lista as pastilhas com a situação do estoque" time="0.14023">
        </testcase>
        <testcase classname="tests/pages/Pastilhas.spec.tsx" name="página de pastilhas &gt; busca por código ou descrição" time="0.3923243">
        </testcase>
        <testcase classname="tests/pages/Pastilhas.spec.tsx" name="página de pastilhas &gt; o GESTOR abre o formulário e cadastra uma pastilha" time="1.2282372">
        </testcase>
        <testcase classname="tests/pages/Pastilhas.spec.tsx" name="edição de pastilha e situação do estoque &gt; mostra &apos;Sem mínimo&apos; quando o estoque mínimo é zero" time="0.051855">
        </testcase>
        <testcase classname="tests/pages/Pastilhas.spec.tsx" name="edição de pastilha e situação do estoque &gt; o OPERADOR não vê o botão de editar" time="0.0596921">
        </testcase>
        <testcase classname="tests/pages/Pastilhas.spec.tsx" name="edição de pastilha e situação do estoque &gt; o COMPRADOR não vê o botão de editar" time="0.0545978">
        </testcase>
        <testcase classname="tests/pages/Pastilhas.spec.tsx" name="edição de pastilha e situação do estoque &gt; o GESTOR edita a descrição e o estoque mínimo, sem enviar código nem saldo" time="0.9630411">
        </testcase>
        <testcase classname="tests/pages/Pastilhas.spec.tsx" name="edição de pastilha e situação do estoque &gt; o formulário de edição mostra o código e o saldo como leitura" time="0.2338552">
        </testcase>
    </testsuite>
    <testsuite name="tests/pages/SemPermissao.spec.tsx" timestamp="2026-09-20T01:12:07.496Z" tests="1" failures="0" errors="0" skipped="0" time="0.5611714">
        <testcase classname="tests/pages/SemPermissao.spec.tsx" name="página sem permissão &gt; explica a recusa e mostra o caminho de volta ao painel" time="0.5498382">
        </testcase>
    </testsuite>
    <testsuite name="tests/pages/Usuarios.spec.tsx" timestamp="2026-09-20T01:12:07.497Z" tests="11" failures="0" errors="0" skipped="0" time="9.9186646">
        <testcase classname="tests/pages/Usuarios.spec.tsx" name="página de usuários &gt; lista os usuários com perfil e situação" time="1.4361566">
        </testcase>
        <testcase classname="tests/pages/Usuarios.spec.tsx" name="página de usuários &gt; marca quem está logado na própria linha" time="0.4727631">
        </testcase>
        <testcase classname="tests/pages/Usuarios.spec.tsx" name="página de usuários &gt; cadastra um usuário e mostra a senha temporária uma vez" time="2.2942545">
        </testcase>
        <testcase classname="tests/pages/Usuarios.spec.tsx" name="página de usuários &gt; mostra no campo o e-mail já cadastrado" time="1.2563877">
        </testcase>
        <testcase classname="tests/pages/Usuarios.spec.tsx" name="página de usuários &gt; recusa o nome curto sem chamar a API" time="0.7587783">
        </testcase>
        <testcase classname="tests/pages/Usuarios.spec.tsx" name="página de usuários &gt; edita o nome e o perfil, sem deixar mudar o e-mail" time="0.7574044">
        </testcase>
        <testcase classname="tests/pages/Usuarios.spec.tsx" name="página de usuários &gt; desativa com confirmação e reativa direto" time="0.9971337">
        </testcase>
        <testcase classname="tests/pages/Usuarios.spec.tsx" name="página de usuários &gt; cancelar a desativação não muda nada" time="0.8405246">
        </testcase>
        <testcase classname="tests/pages/Usuarios.spec.tsx" name="página de usuários &gt; mostra a mensagem da API ao tentar desativar a si mesmo" time="0.5203122">
        </testcase>
        <testcase classname="tests/pages/Usuarios.spec.tsx" name="página de usuários &gt; redefine a senha com confirmação e mostra a senha nova" time="0.5112961">
        </testcase>
        <testcase classname="tests/pages/Usuarios.spec.tsx" name="página de usuários &gt; mostra o erro quando a lista não carrega" time="0.0569539">
        </testcase>
    </testsuite>
    <testsuite name="tests/utils/formato.spec.ts" timestamp="2026-09-20T01:12:07.500Z" tests="31" failures="0" errors="0" skipped="0" time="0.0484601">
        <testcase classname="tests/utils/formato.spec.ts" name="validarCnpj &gt; aceita o CNPJ numérico válido 11.222.333/0001-81" time="0.0074988">
        </testcase>
        <testcase classname="tests/utils/formato.spec.ts" name="validarCnpj &gt; aceita o CNPJ numérico válido 11222333000181" time="0.0014878">
        </testcase>
        <testcase classname="tests/utils/formato.spec.ts" name="validarCnpj &gt; aceita o CNPJ numérico válido 33.000.167/0001-01" time="0.0019392">
        </testcase>
        <testcase classname="tests/utils/formato.spec.ts" name="validarCnpj &gt; aceita o CNPJ numérico válido  55.666.777/0001-81 " time="0.0013846">
        </testcase>
        <testcase classname="tests/utils/formato.spec.ts" name="validarCnpj &gt; aceita o CNPJ alfanumérico válido 12.ABC.345/01DE-35" time="0.0011651">
        </testcase>
        <testcase classname="tests/utils/formato.spec.ts" name="validarCnpj &gt; aceita o CNPJ alfanumérico válido 12ABC34501DE35" time="0.0006865">
        </testcase>
        <testcase classname="tests/utils/formato.spec.ts" name="validarCnpj &gt; aceita o CNPJ alfanumérico válido 12.abc.345/01de-35" time="0.0004217">
        </testcase>
        <testcase classname="tests/utils/formato.spec.ts" name="validarCnpj &gt; recusa dígito verificador errado (11.222.333/0001-82)" time="0.0006308">
        </testcase>
        <testcase classname="tests/utils/formato.spec.ts" name="validarCnpj &gt; recusa primeiro dígito errado (11.222.333/0001-71)" time="0.000415">
        </testcase>
        <testcase classname="tests/utils/formato.spec.ts" name="validarCnpj &gt; recusa dígito verificador errado no alfanumérico (12.ABC.345/01DE-36)" time="0.0003176">
        </testcase>
        <testcase classname="tests/utils/formato.spec.ts" name="validarCnpj &gt; recusa primeiro dígito errado no alfanumérico (12.ABC.345/01DE-25)" time="0.0003349">
        </testcase>
        <testcase classname="tests/utils/formato.spec.ts" name="validarCnpj &gt; recusa letra nos dígitos verificadores (11.222.333/0001-8a)" time="0.0003358">
        </testcase>
        <testcase classname="tests/utils/formato.spec.ts" name="validarCnpj &gt; recusa letra nos dígitos verificadores do alfanumérico (12.ABC.345/01DE-3E)" time="0.0003371">
        </testcase>
        <testcase classname="tests/utils/formato.spec.ts" name="validarCnpj &gt; recusa símbolo fora das letras e dígitos (12.AB#.345/01DE-35)" time="0.0002663">
        </testcase>
        <testcase classname="tests/utils/formato.spec.ts" name="validarCnpj &gt; recusa dígitos repetidos (00.000.000/0000-00)" time="0.0003002">
        </testcase>
        <testcase classname="tests/utils/formato.spec.ts" name="validarCnpj &gt; recusa dígitos repetidos sem máscara (11111111111111)" time="0.0002981">
        </testcase>
        <testcase classname="tests/utils/formato.spec.ts" name="validarCnpj &gt; recusa caracteres a menos (1122233300018)" time="0.0002893">
        </testcase>
        <testcase classname="tests/utils/formato.spec.ts" name="validarCnpj &gt; recusa caracteres a mais (112223330001810)" time="0.0002551">
        </testcase>
        <testcase classname="tests/utils/formato.spec.ts" name="validarCnpj &gt; recusa máscara fora do lugar (112.223.330/0018-1)" time="0.0002474">
        </testcase>
        <testcase classname="tests/utils/formato.spec.ts" name="validarCnpj &gt; recusa valor vazio ()" time="0.0002661">
        </testcase>
        <testcase classname="tests/utils/formato.spec.ts" name="formatarCnpj &gt; aplica a máscara aos 14 dígitos" time="0.0015181">
        </testcase>
        <testcase classname="tests/utils/formato.spec.ts" name="formatarCnpj &gt; mantém um CNPJ já formatado" time="0.0010868">
        </testcase>
        <testcase classname="tests/utils/formato.spec.ts" name="formatarCnpj &gt; mantém as letras do CNPJ alfanumérico, em maiúsculas" time="0.000855">
        </testcase>
        <testcase classname="tests/utils/formato.spec.ts" name="formatarCnpj &gt; formata parte dos caracteres, para uso durante a digitação" time="0.0008378">
        </testcase>
        <testcase classname="tests/utils/formato.spec.ts" name="formatarCnpj &gt; descarta o que passar de 14 caracteres e o que não for letra ou dígito" time="0.0006182">
        </testcase>
        <testcase classname="tests/utils/formato.spec.ts" name="normalizarCnpj &gt; tira a pontuação e passa as letras para maiúsculas" time="0.0005009">
        </testcase>
        <testcase classname="tests/utils/formato.spec.ts" name="somenteDigitos &gt; remove pontuação e letras" time="0.0006425">
        </testcase>
        <testcase classname="tests/utils/formato.spec.ts" name="formatarDataHora &gt; usa dia/mês/ano e hora:minuto no fuso local" time="0.0010813">
        </testcase>
        <testcase classname="tests/utils/formato.spec.ts" name="formatarDataHora &gt; devolve &apos;-&apos; para valor ausente ou inválido" time="0.0009878">
        </testcase>
        <testcase classname="tests/utils/formato.spec.ts" name="formatarQuantidade &gt; usa separador de milhar e a unidade" time="0.0012821">
        </testcase>
        <testcase classname="tests/utils/formato.spec.ts" name="formatarQuantidade &gt; sem unidade, mostra só o número" time="0.0007816">
        </testcase>
    </testsuite>
    <testsuite name="tests/utils/permissoes.spec.ts" timestamp="2026-09-20T01:12:07.508Z" tests="6" failures="0" errors="0" skipped="0" time="0.0188922">
        <testcase classname="tests/utils/permissoes.spec.ts" name="permissões &gt; o espelho tem as mesmas ações e perfis da matriz do backend" time="0.0048248">
        </testcase>
        <testcase classname="tests/utils/permissoes.spec.ts" name="permissões &gt; o COMPRADOR registra entrada, mas não saída" time="0.0008911">
        </testcase>
        <testcase classname="tests/utils/permissoes.spec.ts" name="permissões &gt; só o ADMINISTRADOR gerencia usuários" time="0.0004529">
        </testcase>
        <testcase classname="tests/utils/permissoes.spec.ts" name="permissões &gt; sem perfil, nenhuma ação é permitida" time="0.0004513">
        </testcase>
        <testcase classname="tests/utils/permissoes.spec.ts" name="permissões &gt; ehPerfil reconhece só os quatro perfis" time="0.0005292">
        </testcase>
        <testcase classname="tests/utils/permissoes.spec.ts" name="permissões &gt; todo perfil tem um nome para exibir" time="0.0004445">
        </testcase>
    </testsuite>
    <testsuite name="tests/utils/senha.spec.ts" timestamp="2026-09-20T01:12:07.509Z" tests="5" failures="0" errors="0" skipped="0" time="0.0128952">
        <testcase classname="tests/utils/senha.spec.ts" name="problemasDaSenha &gt; aceita senha com 12 caracteres ou mais, letra e número" time="0.0040212">
        </testcase>
        <testcase classname="tests/utils/senha.spec.ts" name="problemasDaSenha &gt; recusa senha com menos de 12 caracteres" time="0.0007658">
        </testcase>
        <testcase classname="tests/utils/senha.spec.ts" name="problemasDaSenha &gt; exige pelo menos uma letra e um número" time="0.0005465">
        </testcase>
        <testcase classname="tests/utils/senha.spec.ts" name="problemasDaSenha &gt; conta os bytes em UTF-8: letras acentuadas ocupam 2" time="0.0003899">
        </testcase>
        <testcase classname="tests/utils/senha.spec.ts" name="problemasDaSenha &gt; acumula os problemas encontrados" time="0.0003374">
        </testcase>
    </testsuite>
</testsuites>
